22:39:33.114 [Worker-11] INFO  o.a.AndroidAnnotationProcessor:84 - Initialize AndroidAnnotations 3.1 with options {phase=BUILD}
22:39:33.116 [Worker-11] INFO  o.a.AndroidAnnotationProcessor:108 - Start processing for 10 annotations on 6 elements
22:39:33.140 [Worker-11] DEBUG o.a.h.AndroidManifestFinder:137 - AndroidManifest.xml file found in parent folder D:\android project\RssReader: D:\android project\RssReader\AndroidManifest.xml
22:39:33.142 [Worker-11] INFO  o.a.AndroidAnnotationProcessor:171 - AndroidManifest.xml found: AndroidManifest [applicationPackage=com.example.rssreader, componentQualifiedNames=[com.example.rssreader.MainActivity_], permissionQualifiedNames=[android.permission.INTERNET], applicationClassName=null, libraryProject=false, debugabble=false, minSdkVersion=17, maxSdkVersion=-1, targetSdkVersion=19]
22:39:33.143 [Worker-11] INFO  o.a.r.ProjectRClassFinder:50 - Found project R class: com.example.rssreader.R
22:39:33.144 [Worker-11] INFO  o.a.r.AndroidRClassFinder:44 - Found Android class: android.R
22:39:33.151 [Worker-11] INFO  o.a.p.ModelValidator:42 - Validating elements
22:39:33.151 [Worker-11] DEBUG o.a.p.ModelValidator:62 - Validating with EActivityHandler: [com.example.rssreader.MainActivity]
22:39:33.152 [Worker-11] DEBUG o.a.p.ModelValidator:62 - Validating with EBeanHandler: [com.feed.FeedListAdapter]
22:39:33.153 [Worker-11] DEBUG o.a.p.ModelValidator:62 - Validating with EViewGroupHandler: [com.feed.FeedItemView]
22:39:33.153 [Worker-11] DEBUG o.a.p.ModelValidator:62 - Validating with ViewByIdHandler: [description, title, webView1]
22:39:33.154 [Worker-11] DEBUG o.a.p.ModelValidator:62 - Validating with ItemClickHandler: [public void listViewItemClicked(int) ]
22:39:33.155 [Worker-11] DEBUG o.a.p.ModelValidator:62 - Validating with RootContextHanlder: [context]
22:39:33.156 [Worker-11] DEBUG o.a.p.ModelValidator:62 - Validating with BeanHandler: [adapter]
22:39:33.156 [Worker-11] DEBUG o.a.p.ModelValidator:62 - Validating with AfterViewsHandler: [void afterView() ]
22:39:33.157 [Worker-11] DEBUG o.a.p.ModelValidator:62 - Validating with UiThreadHandler: [void run() ]
22:39:33.157 [Worker-11] DEBUG o.a.p.ModelValidator:62 - Validating with BackgroundHandler: [void background() ]
22:39:33.158 [Worker-11] INFO  o.a.p.ModelProcessor:69 - Processing root elements
22:39:33.158 [Worker-11] DEBUG o.a.p.ModelProcessor:160 - Processing root elements EActivityHandler: [com.example.rssreader.MainActivity]
22:39:33.162 [Worker-11] DEBUG o.a.p.ModelProcessor:160 - Processing root elements EBeanHandler: [com.feed.FeedListAdapter]
22:39:33.163 [Worker-11] DEBUG o.a.p.ModelProcessor:160 - Processing root elements EViewGroupHandler: [com.feed.FeedItemView]
22:39:33.163 [Worker-11] INFO  o.a.p.ModelProcessor:77 - Processing enclosed elements
22:39:33.165 [Worker-11] INFO  o.a.AndroidAnnotationProcessor:250 - Number of files generated by AndroidAnnotations: 3
22:39:33.165 [Worker-11] INFO  o.a.g.ApiCodeGenerator:52 - Writting following API classes in project: []
22:39:33.166 [Worker-11] DEBUG o.a.g.SourceCodewriter:55 - Generating class: com.example.rssreader.MainActivity_
22:39:33.173 [Worker-11] DEBUG o.a.g.SourceCodewriter:55 - Generating class: com.feed.FeedItemView_
22:39:33.177 [Worker-11] DEBUG o.a.g.SourceCodewriter:55 - Generating class: com.feed.FeedListAdapter_
22:39:33.179 [Worker-11] INFO  o.a.p.TimeStats:81 - Time measurements: [Whole Processing = 63 ms], [Extract Annotations = 22 ms], [Generate Sources = 14 ms], [Find R Classes = 7 ms], [Validate Annotations = 7 ms], [Process Annotations = 7 ms], [Extract Manifest = 3 ms], 
22:39:33.180 [Worker-11] INFO  o.a.AndroidAnnotationProcessor:122 - Finish processing
22:39:34.396 [Worker-34] INFO  o.a.AndroidAnnotationProcessor:84 - Initialize AndroidAnnotations 3.1 with options {phase=BUILD}
22:40:05.559 [Worker-0] INFO  o.a.AndroidAnnotationProcessor:84 - Initialize AndroidAnnotations 3.1 with options {phase=BUILD}
22:40:05.561 [Worker-0] INFO  o.a.AndroidAnnotationProcessor:108 - Start processing for 7 annotations on 1 elements
22:40:05.580 [Worker-0] DEBUG o.a.h.AndroidManifestFinder:137 - AndroidManifest.xml file found in parent folder D:\android project\RssReader: D:\android project\RssReader\AndroidManifest.xml
22:40:05.583 [Worker-0] INFO  o.a.AndroidAnnotationProcessor:171 - AndroidManifest.xml found: AndroidManifest [applicationPackage=com.example.rssreader, componentQualifiedNames=[com.example.rssreader.MainActivity_], permissionQualifiedNames=[android.permission.INTERNET], applicationClassName=null, libraryProject=false, debugabble=false, minSdkVersion=17, maxSdkVersion=-1, targetSdkVersion=19]
22:40:05.584 [Worker-0] INFO  o.a.r.ProjectRClassFinder:50 - Found project R class: com.example.rssreader.R
22:40:05.586 [Worker-0] INFO  o.a.r.AndroidRClassFinder:44 - Found Android class: android.R
22:40:05.599 [Worker-0] INFO  o.a.p.ModelValidator:42 - Validating elements
22:40:05.600 [Worker-0] DEBUG o.a.p.ModelValidator:62 - Validating with EActivityHandler: [com.example.rssreader.MainActivity]
22:40:05.601 [Worker-0] DEBUG o.a.p.ModelValidator:62 - Validating with ViewByIdHandler: [listView]
22:40:05.605 [Worker-0] DEBUG o.a.p.ModelValidator:62 - Validating with ItemClickHandler: [public void listViewItemClicked(int) ]
22:40:05.606 [Worker-0] DEBUG o.a.p.ModelValidator:62 - Validating with BeanHandler: [adapter]
22:40:05.607 [Worker-0] DEBUG o.a.p.ModelValidator:62 - Validating with AfterViewsHandler: [void afterView() ]
22:40:05.607 [Worker-0] DEBUG o.a.p.ModelValidator:62 - Validating with UiThreadHandler: [void run() ]
22:40:05.608 [Worker-0] DEBUG o.a.p.ModelValidator:62 - Validating with BackgroundHandler: [void background() ]
22:40:05.609 [Worker-0] INFO  o.a.p.ModelProcessor:69 - Processing root elements
22:40:05.609 [Worker-0] DEBUG o.a.p.ModelProcessor:160 - Processing root elements EActivityHandler: [com.example.rssreader.MainActivity]
22:40:05.613 [Worker-0] INFO  o.a.p.ModelProcessor:77 - Processing enclosed elements
22:40:05.614 [Worker-0] INFO  o.a.AndroidAnnotationProcessor:250 - Number of files generated by AndroidAnnotations: 1
22:40:05.615 [Worker-0] INFO  o.a.g.ApiCodeGenerator:52 - Writting following API classes in project: []
22:40:05.616 [Worker-0] DEBUG o.a.g.SourceCodewriter:55 - Generating class: com.example.rssreader.MainActivity_
22:40:05.742 [Worker-0] INFO  o.a.p.TimeStats:81 - Time measurements: [Whole Processing = 181 ms], [Generate Sources = 128 ms], [Extract Annotations = 18 ms], [Find R Classes = 15 ms], [Validate Annotations = 9 ms], [Process Annotations = 6 ms], [Extract Manifest = 3 ms], 
22:40:05.743 [Worker-0] INFO  o.a.AndroidAnnotationProcessor:122 - Finish processing
22:40:12.768 [Worker-30] INFO  o.a.AndroidAnnotationProcessor:84 - Initialize AndroidAnnotations 3.1 with options {phase=BUILD}
22:40:12.771 [Worker-30] INFO  o.a.AndroidAnnotationProcessor:108 - Start processing for 6 annotations on 1 elements
22:40:12.787 [Worker-30] DEBUG o.a.h.AndroidManifestFinder:137 - AndroidManifest.xml file found in parent folder D:\android project\RssReader: D:\android project\RssReader\AndroidManifest.xml
22:40:12.790 [Worker-30] INFO  o.a.AndroidAnnotationProcessor:171 - AndroidManifest.xml found: AndroidManifest [applicationPackage=com.example.rssreader, componentQualifiedNames=[com.example.rssreader.MainActivity_], permissionQualifiedNames=[android.permission.INTERNET], applicationClassName=null, libraryProject=false, debugabble=false, minSdkVersion=17, maxSdkVersion=-1, targetSdkVersion=19]
22:40:12.791 [Worker-30] INFO  o.a.r.ProjectRClassFinder:50 - Found project R class: com.example.rssreader.R
22:40:12.793 [Worker-30] INFO  o.a.r.AndroidRClassFinder:44 - Found Android class: android.R
22:40:12.800 [Worker-30] INFO  o.a.p.ModelValidator:42 - Validating elements
22:40:12.801 [Worker-30] DEBUG o.a.p.ModelValidator:62 - Validating with ViewByIdHandler: [listView]
22:40:12.821 [Worker-30] ERROR o.a.h.AnnotationHelper:127 - @org.androidannotations.annotations.ViewById can only be used in a class annotated with @org.androidannotations.annotations.EActivity, @org.androidannotations.annotations.EViewGroup, @org.androidannotations.annotations.EView, @org.androidannotations.annotations.EBean, @org.androidannotations.annotations.EFragment.
22:40:12.824 [Worker-30] WARN  o.a.p.ModelValidator:69 - Element ViewByIdHandler unvalidated by 
22:40:12.824 [Worker-30] DEBUG o.a.p.ModelValidator:62 - Validating with ItemClickHandler: [public void listViewItemClicked(int) ]
22:40:12.825 [Worker-30] ERROR o.a.h.AnnotationHelper:127 - @org.androidannotations.annotations.ItemClick can only be used in a class annotated with @org.androidannotations.annotations.EActivity, @org.androidannotations.annotations.EViewGroup, @org.androidannotations.annotations.EView, @org.androidannotations.annotations.EBean, @org.androidannotations.annotations.EFragment.
22:40:12.825 [Worker-30] WARN  o.a.p.ModelValidator:69 - Element ItemClickHandler unvalidated by 
22:40:12.825 [Worker-30] DEBUG o.a.p.ModelValidator:62 - Validating with BeanHandler: [adapter]
22:40:12.826 [Worker-30] ERROR o.a.h.AnnotationHelper:127 - @org.androidannotations.annotations.Bean can only be used in a class annotated with @org.androidannotations.annotations.EApplication, @org.androidannotations.annotations.EActivity, @org.androidannotations.annotations.EViewGroup, @org.androidannotations.annotations.EView, @org.androidannotations.annotations.EBean, @org.androidannotations.annotations.EService, @org.androidannotations.annotations.EIntentService, @org.androidannotations.annotations.EReceiver, @org.androidannotations.annotations.EProvider, @org.androidannotations.annotations.EFragment.
22:40:12.826 [Worker-30] WARN  o.a.p.ModelValidator:69 - Element BeanHandler unvalidated by 
22:40:12.826 [Worker-30] DEBUG o.a.p.ModelValidator:62 - Validating with AfterViewsHandler: [void afterView() ]
22:40:12.827 [Worker-30] ERROR o.a.h.AnnotationHelper:127 - @org.androidannotations.annotations.AfterViews can only be used in a class annotated with @org.androidannotations.annotations.EActivity, @org.androidannotations.annotations.EViewGroup, @org.androidannotations.annotations.EView, @org.androidannotations.annotations.EBean, @org.androidannotations.annotations.EFragment.
22:40:12.827 [Worker-30] WARN  o.a.p.ModelValidator:69 - Element AfterViewsHandler unvalidated by 
22:40:12.827 [Worker-30] DEBUG o.a.p.ModelValidator:62 - Validating with UiThreadHandler: [void run() ]
22:40:12.828 [Worker-30] ERROR o.a.h.AnnotationHelper:127 - @org.androidannotations.annotations.UiThread can only be used in a class annotated with @org.androidannotations.annotations.EApplication, @org.androidannotations.annotations.EActivity, @org.androidannotations.annotations.EViewGroup, @org.androidannotations.annotations.EView, @org.androidannotations.annotations.EBean, @org.androidannotations.annotations.EService, @org.androidannotations.annotations.EIntentService, @org.androidannotations.annotations.EReceiver, @org.androidannotations.annotations.EProvider, @org.androidannotations.annotations.EFragment.
22:40:12.828 [Worker-30] WARN  o.a.p.ModelValidator:69 - Element UiThreadHandler unvalidated by 
22:40:12.828 [Worker-30] DEBUG o.a.p.ModelValidator:62 - Validating with BackgroundHandler: [void background() ]
22:40:12.829 [Worker-30] ERROR o.a.h.AnnotationHelper:127 - @org.androidannotations.annotations.Background can only be used in a class annotated with @org.androidannotations.annotations.EApplication, @org.androidannotations.annotations.EActivity, @org.androidannotations.annotations.EViewGroup, @org.androidannotations.annotations.EView, @org.androidannotations.annotations.EBean, @org.androidannotations.annotations.EService, @org.androidannotations.annotations.EIntentService, @org.androidannotations.annotations.EReceiver, @org.androidannotations.annotations.EProvider, @org.androidannotations.annotations.EFragment.
22:40:12.829 [Worker-30] WARN  o.a.p.ModelValidator:69 - Element BackgroundHandler unvalidated by 
22:40:12.829 [Worker-30] INFO  o.a.p.ModelProcessor:69 - Processing root elements
22:40:12.830 [Worker-30] INFO  o.a.p.ModelProcessor:77 - Processing enclosed elements
22:40:12.830 [Worker-30] INFO  o.a.AndroidAnnotationProcessor:250 - Number of files generated by AndroidAnnotations: 0
22:40:12.830 [Worker-30] INFO  o.a.g.ApiCodeGenerator:52 - Writting following API classes in project: []
22:40:12.831 [Worker-30] INFO  o.a.p.TimeStats:81 - Time measurements: [Whole Processing = 60 ms], [Validate Annotations = 29 ms], [Extract Annotations = 15 ms], [Find R Classes = 9 ms], [Extract Manifest = 3 ms], [Process Annotations = 1 ms], [Generate Sources = 1 ms], 
22:40:12.831 [Worker-30] INFO  o.a.AndroidAnnotationProcessor:122 - Finish processing
22:40:14.286 [Worker-26] INFO  o.a.AndroidAnnotationProcessor:84 - Initialize AndroidAnnotations 3.1 with options {phase=BUILD}
22:40:14.288 [Worker-26] INFO  o.a.AndroidAnnotationProcessor:108 - Start processing for 6 annotations on 2 elements
22:40:14.307 [Worker-26] DEBUG o.a.h.AndroidManifestFinder:137 - AndroidManifest.xml file found in parent folder D:\android project\RssReader: D:\android project\RssReader\AndroidManifest.xml
22:40:14.310 [Worker-26] INFO  o.a.AndroidAnnotationProcessor:171 - AndroidManifest.xml found: AndroidManifest [applicationPackage=com.example.rssreader, componentQualifiedNames=[com.example.rssreader.MainActivity_], permissionQualifiedNames=[android.permission.INTERNET], applicationClassName=null, libraryProject=false, debugabble=false, minSdkVersion=17, maxSdkVersion=-1, targetSdkVersion=19]
22:40:14.311 [Worker-26] INFO  o.a.r.ProjectRClassFinder:50 - Found project R class: com.example.rssreader.R
22:40:14.313 [Worker-26] INFO  o.a.r.AndroidRClassFinder:44 - Found Android class: android.R
22:40:14.322 [Worker-26] INFO  o.a.p.ModelValidator:42 - Validating elements
22:40:14.323 [Worker-26] DEBUG o.a.p.ModelValidator:62 - Validating with ViewByIdHandler: [listView]
22:40:14.324 [Worker-26] ERROR o.a.h.AnnotationHelper:127 - @org.androidannotations.annotations.ViewById can only be used in a class annotated with @org.androidannotations.annotations.EActivity, @org.androidannotations.annotations.EViewGroup, @org.androidannotations.annotations.EView, @org.androidannotations.annotations.EBean, @org.androidannotations.annotations.EFragment.
22:40:14.326 [Worker-26] WARN  o.a.p.ModelValidator:69 - Element ViewByIdHandler unvalidated by 
22:40:14.327 [Worker-26] DEBUG o.a.p.ModelValidator:62 - Validating with ItemClickHandler: [public void listViewItemClicked(int) ]
22:40:14.327 [Worker-26] ERROR o.a.h.AnnotationHelper:127 - @org.androidannotations.annotations.ItemClick can only be used in a class annotated with @org.androidannotations.annotations.EActivity, @org.androidannotations.annotations.EViewGroup, @org.androidannotations.annotations.EView, @org.androidannotations.annotations.EBean, @org.androidannotations.annotations.EFragment.
22:40:14.328 [Worker-26] WARN  o.a.p.ModelValidator:69 - Element ItemClickHandler unvalidated by 
22:40:14.328 [Worker-26] DEBUG o.a.p.ModelValidator:62 - Validating with BeanHandler: [adapter]
22:40:14.328 [Worker-26] ERROR o.a.h.AnnotationHelper:127 - @org.androidannotations.annotations.Bean can only be used in a class annotated with @org.androidannotations.annotations.EApplication, @org.androidannotations.annotations.EActivity, @org.androidannotations.annotations.EViewGroup, @org.androidannotations.annotations.EView, @org.androidannotations.annotations.EBean, @org.androidannotations.annotations.EService, @org.androidannotations.annotations.EIntentService, @org.androidannotations.annotations.EReceiver, @org.androidannotations.annotations.EProvider, @org.androidannotations.annotations.EFragment.
22:40:14.329 [Worker-26] WARN  o.a.p.ModelValidator:69 - Element BeanHandler unvalidated by 
22:40:14.329 [Worker-26] DEBUG o.a.p.ModelValidator:62 - Validating with AfterViewsHandler: [void afterView() ]
22:40:14.330 [Worker-26] ERROR o.a.h.AnnotationHelper:127 - @org.androidannotations.annotations.AfterViews can only be used in a class annotated with @org.androidannotations.annotations.EActivity, @org.androidannotations.annotations.EViewGroup, @org.androidannotations.annotations.EView, @org.androidannotations.annotations.EBean, @org.androidannotations.annotations.EFragment.
22:40:14.330 [Worker-26] WARN  o.a.p.ModelValidator:69 - Element AfterViewsHandler unvalidated by 
22:40:14.330 [Worker-26] DEBUG o.a.p.ModelValidator:62 - Validating with UiThreadHandler: [void run() ]
22:40:14.331 [Worker-26] ERROR o.a.h.AnnotationHelper:127 - @org.androidannotations.annotations.UiThread can only be used in a class annotated with @org.androidannotations.annotations.EApplication, @org.androidannotations.annotations.EActivity, @org.androidannotations.annotations.EViewGroup, @org.androidannotations.annotations.EView, @org.androidannotations.annotations.EBean, @org.androidannotations.annotations.EService, @org.androidannotations.annotations.EIntentService, @org.androidannotations.annotations.EReceiver, @org.androidannotations.annotations.EProvider, @org.androidannotations.annotations.EFragment.
22:40:14.331 [Worker-26] WARN  o.a.p.ModelValidator:69 - Element UiThreadHandler unvalidated by 
22:40:14.331 [Worker-26] DEBUG o.a.p.ModelValidator:62 - Validating with BackgroundHandler: [void background() ]
22:40:14.331 [Worker-26] ERROR o.a.h.AnnotationHelper:127 - @org.androidannotations.annotations.Background can only be used in a class annotated with @org.androidannotations.annotations.EApplication, @org.androidannotations.annotations.EActivity, @org.androidannotations.annotations.EViewGroup, @org.androidannotations.annotations.EView, @org.androidannotations.annotations.EBean, @org.androidannotations.annotations.EService, @org.androidannotations.annotations.EIntentService, @org.androidannotations.annotations.EReceiver, @org.androidannotations.annotations.EProvider, @org.androidannotations.annotations.EFragment.
22:40:14.331 [Worker-26] WARN  o.a.p.ModelValidator:69 - Element BackgroundHandler unvalidated by 
22:40:14.332 [Worker-26] INFO  o.a.p.ModelProcessor:69 - Processing root elements
22:40:14.332 [Worker-26] INFO  o.a.p.ModelProcessor:77 - Processing enclosed elements
22:40:14.333 [Worker-26] INFO  o.a.AndroidAnnotationProcessor:250 - Number of files generated by AndroidAnnotations: 0
22:40:14.333 [Worker-26] INFO  o.a.g.ApiCodeGenerator:52 - Writting following API classes in project: []
22:40:14.333 [Worker-26] INFO  o.a.p.TimeStats:81 - Time measurements: [Whole Processing = 45 ms], [Extract Annotations = 18 ms], [Find R Classes = 11 ms], [Validate Annotations = 10 ms], [Extract Manifest = 4 ms], [Process Annotations = 1 ms], [Generate Sources = 0 ms], 
22:40:14.334 [Worker-26] INFO  o.a.AndroidAnnotationProcessor:122 - Finish processing
22:40:17.884 [Worker-29] INFO  o.a.AndroidAnnotationProcessor:84 - Initialize AndroidAnnotations 3.1 with options {phase=BUILD}
22:40:17.885 [Worker-29] INFO  o.a.AndroidAnnotationProcessor:108 - Start processing for 7 annotations on 2 elements
22:40:17.899 [Worker-29] DEBUG o.a.h.AndroidManifestFinder:137 - AndroidManifest.xml file found in parent folder D:\android project\RssReader: D:\android project\RssReader\AndroidManifest.xml
22:40:17.901 [Worker-29] INFO  o.a.AndroidAnnotationProcessor:171 - AndroidManifest.xml found: AndroidManifest [applicationPackage=com.example.rssreader, componentQualifiedNames=[com.example.rssreader.MainActivity_], permissionQualifiedNames=[android.permission.INTERNET], applicationClassName=null, libraryProject=false, debugabble=false, minSdkVersion=17, maxSdkVersion=-1, targetSdkVersion=19]
22:40:17.902 [Worker-29] INFO  o.a.r.ProjectRClassFinder:50 - Found project R class: com.example.rssreader.R
22:40:17.903 [Worker-29] INFO  o.a.r.AndroidRClassFinder:44 - Found Android class: android.R
22:40:17.908 [Worker-29] INFO  o.a.p.ModelValidator:42 - Validating elements
22:40:17.909 [Worker-29] DEBUG o.a.p.ModelValidator:62 - Validating with EActivityHandler: [com.example.rssreader.MainActivity]
22:40:17.910 [Worker-29] DEBUG o.a.p.ModelValidator:62 - Validating with ViewByIdHandler: [listView]
22:40:17.912 [Worker-29] DEBUG o.a.p.ModelValidator:62 - Validating with ItemClickHandler: [public void listViewItemClicked(int) ]
22:40:17.913 [Worker-29] DEBUG o.a.p.ModelValidator:62 - Validating with BeanHandler: [adapter]
22:40:17.914 [Worker-29] DEBUG o.a.p.ModelValidator:62 - Validating with AfterViewsHandler: [void afterView() ]
22:40:17.914 [Worker-29] DEBUG o.a.p.ModelValidator:62 - Validating with UiThreadHandler: [void run() ]
22:40:17.915 [Worker-29] DEBUG o.a.p.ModelValidator:62 - Validating with BackgroundHandler: [void background() ]
22:40:17.915 [Worker-29] INFO  o.a.p.ModelProcessor:69 - Processing root elements
22:40:17.916 [Worker-29] DEBUG o.a.p.ModelProcessor:160 - Processing root elements EActivityHandler: [com.example.rssreader.MainActivity]
22:40:17.919 [Worker-29] INFO  o.a.p.ModelProcessor:77 - Processing enclosed elements
22:40:17.920 [Worker-29] INFO  o.a.AndroidAnnotationProcessor:250 - Number of files generated by AndroidAnnotations: 1
22:40:17.920 [Worker-29] INFO  o.a.g.ApiCodeGenerator:52 - Writting following API classes in project: []
22:40:17.921 [Worker-29] DEBUG o.a.g.SourceCodewriter:55 - Generating class: com.example.rssreader.MainActivity_
22:40:17.927 [Worker-29] INFO  o.a.p.TimeStats:81 - Time measurements: [Whole Processing = 42 ms], [Extract Annotations = 13 ms], [Validate Annotations = 7 ms], [Generate Sources = 7 ms], [Find R Classes = 6 ms], [Process Annotations = 5 ms], [Extract Manifest = 2 ms], 
22:40:17.928 [Worker-29] INFO  o.a.AndroidAnnotationProcessor:122 - Finish processing
22:40:23.124 [Worker-29] INFO  o.a.AndroidAnnotationProcessor:84 - Initialize AndroidAnnotations 3.1 with options {phase=BUILD}
22:40:23.130 [Worker-29] INFO  o.a.AndroidAnnotationProcessor:108 - Start processing for 6 annotations on 1 elements
22:40:23.144 [Worker-29] DEBUG o.a.h.AndroidManifestFinder:137 - AndroidManifest.xml file found in parent folder D:\android project\RssReader: D:\android project\RssReader\AndroidManifest.xml
22:40:23.147 [Worker-29] INFO  o.a.AndroidAnnotationProcessor:171 - AndroidManifest.xml found: AndroidManifest [applicationPackage=com.example.rssreader, componentQualifiedNames=[com.example.rssreader.MainActivity_], permissionQualifiedNames=[android.permission.INTERNET], applicationClassName=null, libraryProject=false, debugabble=false, minSdkVersion=17, maxSdkVersion=-1, targetSdkVersion=19]
22:40:23.148 [Worker-29] INFO  o.a.r.ProjectRClassFinder:50 - Found project R class: com.example.rssreader.R
22:40:23.150 [Worker-29] INFO  o.a.r.AndroidRClassFinder:44 - Found Android class: android.R
22:40:23.156 [Worker-29] INFO  o.a.p.ModelValidator:42 - Validating elements
22:40:23.156 [Worker-29] DEBUG o.a.p.ModelValidator:62 - Validating with EActivityHandler: [com.example.rssreader.MainActivity]
22:40:23.157 [Worker-29] DEBUG o.a.p.ModelValidator:62 - Validating with ItemClickHandler: [public void listViewItemClicked(int) ]
22:40:23.158 [Worker-29] DEBUG o.a.p.ModelValidator:62 - Validating with BeanHandler: [adapter]
22:40:23.158 [Worker-29] DEBUG o.a.p.ModelValidator:62 - Validating with AfterViewsHandler: [void afterView() ]
22:40:23.159 [Worker-29] DEBUG o.a.p.ModelValidator:62 - Validating with UiThreadHandler: [void run() ]
22:40:23.159 [Worker-29] DEBUG o.a.p.ModelValidator:62 - Validating with BackgroundHandler: [void background() ]
22:40:23.160 [Worker-29] INFO  o.a.p.ModelProcessor:69 - Processing root elements
22:40:23.160 [Worker-29] DEBUG o.a.p.ModelProcessor:160 - Processing root elements EActivityHandler: [com.example.rssreader.MainActivity]
22:40:23.163 [Worker-29] INFO  o.a.p.ModelProcessor:77 - Processing enclosed elements
22:40:23.164 [Worker-29] INFO  o.a.AndroidAnnotationProcessor:250 - Number of files generated by AndroidAnnotations: 1
22:40:23.165 [Worker-29] INFO  o.a.g.ApiCodeGenerator:52 - Writting following API classes in project: []
22:40:23.165 [Worker-29] DEBUG o.a.g.SourceCodewriter:55 - Generating class: com.example.rssreader.MainActivity_
22:40:23.179 [Worker-29] INFO  o.a.p.TimeStats:81 - Time measurements: [Whole Processing = 49 ms], [Generate Sources = 15 ms], [Extract Annotations = 13 ms], [Find R Classes = 7 ms], [Validate Annotations = 4 ms], [Process Annotations = 4 ms], [Extract Manifest = 3 ms], 
22:40:23.180 [Worker-29] INFO  o.a.AndroidAnnotationProcessor:122 - Finish processing
22:40:46.358 [Worker-26] INFO  o.a.AndroidAnnotationProcessor:84 - Initialize AndroidAnnotations 3.1 with options {phase=BUILD}
22:40:46.360 [Worker-26] INFO  o.a.AndroidAnnotationProcessor:108 - Start processing for 7 annotations on 1 elements
22:40:46.375 [Worker-26] DEBUG o.a.h.AndroidManifestFinder:137 - AndroidManifest.xml file found in parent folder D:\android project\RssReader: D:\android project\RssReader\AndroidManifest.xml
22:40:46.378 [Worker-26] INFO  o.a.AndroidAnnotationProcessor:171 - AndroidManifest.xml found: AndroidManifest [applicationPackage=com.example.rssreader, componentQualifiedNames=[com.example.rssreader.MainActivity_], permissionQualifiedNames=[android.permission.INTERNET], applicationClassName=null, libraryProject=false, debugabble=false, minSdkVersion=17, maxSdkVersion=-1, targetSdkVersion=19]
22:40:46.379 [Worker-26] INFO  o.a.r.ProjectRClassFinder:50 - Found project R class: com.example.rssreader.R
22:40:46.382 [Worker-26] INFO  o.a.r.AndroidRClassFinder:44 - Found Android class: android.R
22:40:46.391 [Worker-26] INFO  o.a.p.ModelValidator:42 - Validating elements
22:40:46.392 [Worker-26] DEBUG o.a.p.ModelValidator:62 - Validating with EActivityHandler: [com.example.rssreader.MainActivity]
22:40:46.392 [Worker-26] DEBUG o.a.p.ModelValidator:62 - Validating with ViewByIdHandler: [listView]
22:40:46.395 [Worker-26] DEBUG o.a.p.ModelValidator:62 - Validating with ItemClickHandler: [public void listViewItemClicked(int) ]
22:40:46.396 [Worker-26] DEBUG o.a.p.ModelValidator:62 - Validating with BeanHandler: [adapter]
22:40:46.397 [Worker-26] DEBUG o.a.p.ModelValidator:62 - Validating with AfterViewsHandler: [void afterView() ]
22:40:46.398 [Worker-26] DEBUG o.a.p.ModelValidator:62 - Validating with UiThreadHandler: [void run() ]
22:40:46.398 [Worker-26] DEBUG o.a.p.ModelValidator:62 - Validating with BackgroundHandler: [void background() ]
22:40:46.399 [Worker-26] INFO  o.a.p.ModelProcessor:69 - Processing root elements
22:40:46.399 [Worker-26] DEBUG o.a.p.ModelProcessor:160 - Processing root elements EActivityHandler: [com.example.rssreader.MainActivity]
22:40:46.402 [Worker-26] INFO  o.a.p.ModelProcessor:77 - Processing enclosed elements
22:40:46.404 [Worker-26] INFO  o.a.AndroidAnnotationProcessor:250 - Number of files generated by AndroidAnnotations: 1
22:40:46.405 [Worker-26] INFO  o.a.g.ApiCodeGenerator:52 - Writting following API classes in project: []
22:40:46.405 [Worker-26] DEBUG o.a.g.SourceCodewriter:55 - Generating class: com.example.rssreader.MainActivity_
22:40:46.420 [Worker-26] INFO  o.a.p.TimeStats:81 - Time measurements: [Whole Processing = 60 ms], [Generate Sources = 16 ms], [Extract Annotations = 14 ms], [Find R Classes = 11 ms], [Validate Annotations = 8 ms], [Process Annotations = 5 ms], [Extract Manifest = 3 ms], 
22:40:46.421 [Worker-26] INFO  o.a.AndroidAnnotationProcessor:122 - Finish processing
22:41:11.724 [Worker-36] INFO  o.a.AndroidAnnotationProcessor:84 - Initialize AndroidAnnotations 3.1 with options {phase=BUILD}
22:41:11.726 [Worker-36] INFO  o.a.AndroidAnnotationProcessor:108 - Start processing for 2 annotations on 1 elements
22:41:11.738 [Worker-36] DEBUG o.a.h.AndroidManifestFinder:137 - AndroidManifest.xml file found in parent folder D:\android project\RssReader: D:\android project\RssReader\AndroidManifest.xml
22:41:11.741 [Worker-36] INFO  o.a.AndroidAnnotationProcessor:171 - AndroidManifest.xml found: AndroidManifest [applicationPackage=com.example.rssreader, componentQualifiedNames=[com.example.rssreader.MainActivity_], permissionQualifiedNames=[android.permission.INTERNET], applicationClassName=null, libraryProject=false, debugabble=false, minSdkVersion=17, maxSdkVersion=-1, targetSdkVersion=19]
22:41:11.742 [Worker-36] INFO  o.a.r.ProjectRClassFinder:50 - Found project R class: com.example.rssreader.R
22:41:11.744 [Worker-36] INFO  o.a.r.AndroidRClassFinder:44 - Found Android class: android.R
22:41:11.785 [Worker-36] INFO  o.a.p.ModelValidator:42 - Validating elements
22:41:11.787 [Worker-36] DEBUG o.a.p.ModelValidator:62 - Validating with EViewGroupHandler: [com.feed.FeedItemView]
22:41:11.788 [Worker-36] DEBUG o.a.p.ModelValidator:62 - Validating with ViewByIdHandler: [description, title, webView1]
22:41:11.790 [Worker-36] INFO  o.a.p.ModelProcessor:69 - Processing root elements
22:41:11.790 [Worker-36] DEBUG o.a.p.ModelProcessor:160 - Processing root elements EViewGroupHandler: [com.feed.FeedItemView]
22:41:11.792 [Worker-36] INFO  o.a.p.ModelProcessor:77 - Processing enclosed elements
22:41:11.793 [Worker-36] INFO  o.a.AndroidAnnotationProcessor:250 - Number of files generated by AndroidAnnotations: 1
22:41:11.794 [Worker-36] INFO  o.a.g.ApiCodeGenerator:52 - Writting following API classes in project: []
22:41:11.794 [Worker-36] DEBUG o.a.g.SourceCodewriter:55 - Generating class: com.feed.FeedItemView_
22:41:11.798 [Worker-36] INFO  o.a.p.TimeStats:81 - Time measurements: [Whole Processing = 72 ms], [Find R Classes = 43 ms], [Extract Annotations = 12 ms], [Generate Sources = 5 ms], [Validate Annotations = 4 ms], [Process Annotations = 4 ms], [Extract Manifest = 3 ms], 
22:41:11.798 [Worker-36] INFO  o.a.AndroidAnnotationProcessor:122 - Finish processing
22:44:05.828 [Worker-1] INFO  o.a.AndroidAnnotationProcessor:84 - Initialize AndroidAnnotations 3.1 with options {phase=BUILD}
22:44:06.402 [Worker-1] INFO  o.a.AndroidAnnotationProcessor:108 - Start processing for 10 annotations on 6 elements
22:44:06.627 [Worker-1] DEBUG o.a.h.AndroidManifestFinder:137 - AndroidManifest.xml file found in parent folder D:\android project\RssReader: D:\android project\RssReader\AndroidManifest.xml
22:44:06.636 [Worker-1] INFO  o.a.AndroidAnnotationProcessor:171 - AndroidManifest.xml found: AndroidManifest [applicationPackage=com.example.rssreader, componentQualifiedNames=[com.example.rssreader.MainActivity_], permissionQualifiedNames=[android.permission.INTERNET], applicationClassName=null, libraryProject=false, debugabble=false, minSdkVersion=17, maxSdkVersion=-1, targetSdkVersion=19]
22:44:06.640 [Worker-1] INFO  o.a.r.ProjectRClassFinder:50 - Found project R class: com.example.rssreader.R
22:44:06.662 [Worker-1] INFO  o.a.r.AndroidRClassFinder:44 - Found Android class: android.R
22:44:06.766 [Worker-1] INFO  o.a.p.ModelValidator:42 - Validating elements
22:44:06.767 [Worker-1] DEBUG o.a.p.ModelValidator:62 - Validating with EActivityHandler: [com.example.rssreader.MainActivity]
22:44:06.787 [Worker-1] DEBUG o.a.p.ModelValidator:62 - Validating with EBeanHandler: [com.feed.FeedListAdapter]
22:44:06.789 [Worker-1] DEBUG o.a.p.ModelValidator:62 - Validating with EViewGroupHandler: [com.feed.FeedItemView]
22:44:06.792 [Worker-1] DEBUG o.a.p.ModelValidator:62 - Validating with ViewByIdHandler: [description, listView, webView1, title]
22:44:06.799 [Worker-1] DEBUG o.a.p.ModelValidator:62 - Validating with ItemClickHandler: [public void listViewItemClicked(int) ]
22:44:06.804 [Worker-1] DEBUG o.a.p.ModelValidator:62 - Validating with RootContextHanlder: [context]
22:44:06.808 [Worker-1] DEBUG o.a.p.ModelValidator:62 - Validating with BeanHandler: [adapter]
22:44:06.809 [Worker-1] DEBUG o.a.p.ModelValidator:62 - Validating with AfterViewsHandler: [void afterView() ]
22:44:06.810 [Worker-1] DEBUG o.a.p.ModelValidator:62 - Validating with UiThreadHandler: [void run() ]
22:44:06.811 [Worker-1] DEBUG o.a.p.ModelValidator:62 - Validating with BackgroundHandler: [void background() ]
22:44:06.869 [Worker-1] INFO  o.a.p.ModelProcessor:69 - Processing root elements
22:44:06.870 [Worker-1] DEBUG o.a.p.ModelProcessor:160 - Processing root elements EActivityHandler: [com.example.rssreader.MainActivity]
22:44:06.978 [Worker-1] DEBUG o.a.p.ModelProcessor:160 - Processing root elements EBeanHandler: [com.feed.FeedListAdapter]
22:44:06.980 [Worker-1] DEBUG o.a.p.ModelProcessor:160 - Processing root elements EViewGroupHandler: [com.feed.FeedItemView]
22:44:07.17 [Worker-1] INFO  o.a.p.ModelProcessor:77 - Processing enclosed elements
22:44:07.45 [Worker-1] INFO  o.a.AndroidAnnotationProcessor:250 - Number of files generated by AndroidAnnotations: 3
22:44:07.48 [Worker-1] INFO  o.a.g.ApiCodeGenerator:52 - Writting following API classes in project: []
22:44:07.52 [Worker-1] DEBUG o.a.g.SourceCodewriter:55 - Generating class: com.example.rssreader.MainActivity_
22:44:07.92 [Worker-1] DEBUG o.a.g.SourceCodewriter:55 - Generating class: com.feed.FeedItemView_
22:44:07.98 [Worker-1] DEBUG o.a.g.SourceCodewriter:55 - Generating class: com.feed.FeedListAdapter_
22:44:07.101 [Worker-1] INFO  o.a.p.TimeStats:81 - Time measurements: [Whole Processing = 699 ms], [Process Annotations = 233 ms], [Extract Annotations = 193 ms], [Find R Classes = 81 ms], [Generate Sources = 56 ms], [Validate Annotations = 45 ms], [Extract Manifest = 39 ms], 
22:44:07.101 [Worker-1] INFO  o.a.AndroidAnnotationProcessor:122 - Finish processing
22:44:46.701 [Worker-2] INFO  o.a.AndroidAnnotationProcessor:84 - Initialize AndroidAnnotations 3.1 with options {phase=BUILD}
22:44:46.703 [Worker-2] INFO  o.a.AndroidAnnotationProcessor:108 - Start processing for 9 annotations on 3 elements
22:44:46.796 [Worker-2] DEBUG o.a.h.AndroidManifestFinder:137 - AndroidManifest.xml file found in parent folder D:\android project\RssReader: D:\android project\RssReader\AndroidManifest.xml
22:44:46.801 [Worker-2] INFO  o.a.AndroidAnnotationProcessor:171 - AndroidManifest.xml found: AndroidManifest [applicationPackage=com.example.rssreader, componentQualifiedNames=[com.example.rssreader.MainActivity_], permissionQualifiedNames=[android.permission.INTERNET], applicationClassName=null, libraryProject=false, debugabble=false, minSdkVersion=17, maxSdkVersion=-1, targetSdkVersion=19]
22:44:46.802 [Worker-2] INFO  o.a.r.ProjectRClassFinder:50 - Found project R class: com.example.rssreader.R
22:44:46.806 [Worker-2] INFO  o.a.r.AndroidRClassFinder:44 - Found Android class: android.R
22:44:46.813 [Worker-2] INFO  o.a.p.ModelValidator:42 - Validating elements
22:44:46.814 [Worker-2] DEBUG o.a.p.ModelValidator:62 - Validating with EActivityHandler: [com.example.rssreader.MainActivity]
22:44:46.815 [Worker-2] DEBUG o.a.p.ModelValidator:62 - Validating with EBeanHandler: [com.feed.FeedListAdapter]
22:44:46.815 [Worker-2] DEBUG o.a.p.ModelValidator:62 - Validating with ViewByIdHandler: [listView]
22:44:46.818 [Worker-2] DEBUG o.a.p.ModelValidator:62 - Validating with ItemClickHandler: [public void listViewItemClicked(int) ]
22:44:46.819 [Worker-2] DEBUG o.a.p.ModelValidator:62 - Validating with RootContextHanlder: [context]
22:44:46.820 [Worker-2] DEBUG o.a.p.ModelValidator:62 - Validating with BeanHandler: [adapter]
22:44:46.820 [Worker-2] DEBUG o.a.p.ModelValidator:62 - Validating with AfterViewsHandler: [void afterView() ]
22:44:46.821 [Worker-2] DEBUG o.a.p.ModelValidator:62 - Validating with UiThreadHandler: [void run() ]
22:44:46.821 [Worker-2] DEBUG o.a.p.ModelValidator:62 - Validating with BackgroundHandler: [void background() ]
22:44:46.822 [Worker-2] INFO  o.a.p.ModelProcessor:69 - Processing root elements
22:44:46.822 [Worker-2] DEBUG o.a.p.ModelProcessor:160 - Processing root elements EActivityHandler: [com.example.rssreader.MainActivity]
22:44:46.826 [Worker-2] DEBUG o.a.p.ModelProcessor:160 - Processing root elements EBeanHandler: [com.feed.FeedListAdapter]
22:44:46.827 [Worker-2] INFO  o.a.p.ModelProcessor:77 - Processing enclosed elements
22:44:46.828 [Worker-2] INFO  o.a.AndroidAnnotationProcessor:250 - Number of files generated by AndroidAnnotations: 2
22:44:46.829 [Worker-2] INFO  o.a.g.ApiCodeGenerator:52 - Writting following API classes in project: []
22:44:46.829 [Worker-2] DEBUG o.a.g.SourceCodewriter:55 - Generating class: com.example.rssreader.MainActivity_
22:44:46.835 [Worker-2] DEBUG o.a.g.SourceCodewriter:55 - Generating class: com.feed.FeedListAdapter_
22:44:46.837 [Worker-2] INFO  o.a.p.TimeStats:81 - Time measurements: [Whole Processing = 134 ms], [Extract Annotations = 93 ms], [Find R Classes = 11 ms], [Validate Annotations = 9 ms], [Generate Sources = 9 ms], [Process Annotations = 6 ms], [Extract Manifest = 5 ms], 
22:44:46.837 [Worker-2] INFO  o.a.AndroidAnnotationProcessor:122 - Finish processing
22:44:56.47 [Worker-0] INFO  o.a.AndroidAnnotationProcessor:84 - Initialize AndroidAnnotations 3.1 with options {phase=BUILD}
22:44:56.49 [Worker-0] INFO  o.a.AndroidAnnotationProcessor:108 - Start processing for 10 annotations on 6 elements
22:44:56.72 [Worker-0] DEBUG o.a.h.AndroidManifestFinder:137 - AndroidManifest.xml file found in parent folder D:\android project\RssReader: D:\android project\RssReader\AndroidManifest.xml
22:44:56.74 [Worker-0] INFO  o.a.AndroidAnnotationProcessor:171 - AndroidManifest.xml found: AndroidManifest [applicationPackage=com.example.rssreader, componentQualifiedNames=[com.example.rssreader.MainActivity_], permissionQualifiedNames=[android.permission.INTERNET], applicationClassName=null, libraryProject=false, debugabble=false, minSdkVersion=17, maxSdkVersion=-1, targetSdkVersion=19]
22:44:56.75 [Worker-0] INFO  o.a.r.ProjectRClassFinder:50 - Found project R class: com.example.rssreader.R
22:44:56.76 [Worker-0] INFO  o.a.r.AndroidRClassFinder:44 - Found Android class: android.R
22:44:56.82 [Worker-0] INFO  o.a.p.ModelValidator:42 - Validating elements
22:44:56.83 [Worker-0] DEBUG o.a.p.ModelValidator:62 - Validating with EActivityHandler: [com.example.rssreader.MainActivity]
22:44:56.83 [Worker-0] DEBUG o.a.p.ModelValidator:62 - Validating with EBeanHandler: [com.feed.FeedListAdapter]
22:44:56.84 [Worker-0] DEBUG o.a.p.ModelValidator:62 - Validating with EViewGroupHandler: [com.feed.FeedItemView]
22:44:56.85 [Worker-0] DEBUG o.a.p.ModelValidator:62 - Validating with ViewByIdHandler: [title, webView1, listView, description]
22:44:56.87 [Worker-0] DEBUG o.a.p.ModelValidator:62 - Validating with ItemClickHandler: [public void listViewItemClicked(int) ]
22:44:56.88 [Worker-0] DEBUG o.a.p.ModelValidator:62 - Validating with RootContextHanlder: [context]
22:44:56.89 [Worker-0] DEBUG o.a.p.ModelValidator:62 - Validating with BeanHandler: [adapter]
22:44:56.90 [Worker-0] DEBUG o.a.p.ModelValidator:62 - Validating with AfterViewsHandler: [void afterView() ]
22:44:56.90 [Worker-0] DEBUG o.a.p.ModelValidator:62 - Validating with UiThreadHandler: [void run() ]
22:44:56.91 [Worker-0] DEBUG o.a.p.ModelValidator:62 - Validating with BackgroundHandler: [void background() ]
22:44:56.91 [Worker-0] INFO  o.a.p.ModelProcessor:69 - Processing root elements
22:44:56.92 [Worker-0] DEBUG o.a.p.ModelProcessor:160 - Processing root elements EActivityHandler: [com.example.rssreader.MainActivity]
22:44:56.95 [Worker-0] DEBUG o.a.p.ModelProcessor:160 - Processing root elements EBeanHandler: [com.feed.FeedListAdapter]
22:44:56.96 [Worker-0] DEBUG o.a.p.ModelProcessor:160 - Processing root elements EViewGroupHandler: [com.feed.FeedItemView]
22:44:56.97 [Worker-0] INFO  o.a.p.ModelProcessor:77 - Processing enclosed elements
22:44:56.99 [Worker-0] INFO  o.a.AndroidAnnotationProcessor:250 - Number of files generated by AndroidAnnotations: 3
22:44:56.100 [Worker-0] INFO  o.a.g.ApiCodeGenerator:52 - Writting following API classes in project: []
22:44:56.100 [Worker-0] DEBUG o.a.g.SourceCodewriter:55 - Generating class: com.example.rssreader.MainActivity_
22:44:56.107 [Worker-0] DEBUG o.a.g.SourceCodewriter:55 - Generating class: com.feed.FeedItemView_
22:44:56.112 [Worker-0] DEBUG o.a.g.SourceCodewriter:55 - Generating class: com.feed.FeedListAdapter_
22:44:56.114 [Worker-0] INFO  o.a.p.TimeStats:81 - Time measurements: [Whole Processing = 65 ms], [Extract Annotations = 21 ms], [Generate Sources = 15 ms], [Validate Annotations = 9 ms], [Process Annotations = 8 ms], [Find R Classes = 7 ms], [Extract Manifest = 3 ms], 
22:44:56.114 [Worker-0] INFO  o.a.AndroidAnnotationProcessor:122 - Finish processing
22:47:06.344 [Worker-2] INFO  o.a.AndroidAnnotationProcessor:84 - Initialize AndroidAnnotations 3.1 with options {phase=BUILD}
22:47:06.346 [Worker-2] INFO  o.a.AndroidAnnotationProcessor:108 - Start processing for 2 annotations on 1 elements
22:47:06.362 [Worker-2] DEBUG o.a.h.AndroidManifestFinder:137 - AndroidManifest.xml file found in parent folder D:\android project\RssReader: D:\android project\RssReader\AndroidManifest.xml
22:47:06.365 [Worker-2] INFO  o.a.AndroidAnnotationProcessor:171 - AndroidManifest.xml found: AndroidManifest [applicationPackage=com.example.rssreader, componentQualifiedNames=[com.example.rssreader.MainActivity_], permissionQualifiedNames=[android.permission.INTERNET], applicationClassName=null, libraryProject=false, debugabble=false, minSdkVersion=17, maxSdkVersion=-1, targetSdkVersion=19]
22:47:06.365 [Worker-2] INFO  o.a.r.ProjectRClassFinder:50 - Found project R class: com.example.rssreader.R
22:47:06.368 [Worker-2] INFO  o.a.r.AndroidRClassFinder:44 - Found Android class: android.R
22:47:06.380 [Worker-2] INFO  o.a.p.ModelValidator:42 - Validating elements
22:47:06.380 [Worker-2] DEBUG o.a.p.ModelValidator:62 - Validating with EViewGroupHandler: [com.feed.FeedItemView]
22:47:06.381 [Worker-2] DEBUG o.a.p.ModelValidator:62 - Validating with ViewByIdHandler: [description, webView1, title]
22:47:06.383 [Worker-2] INFO  o.a.p.ModelProcessor:69 - Processing root elements
22:47:06.383 [Worker-2] DEBUG o.a.p.ModelProcessor:160 - Processing root elements EViewGroupHandler: [com.feed.FeedItemView]
22:47:06.384 [Worker-2] INFO  o.a.p.ModelProcessor:77 - Processing enclosed elements
22:47:06.385 [Worker-2] INFO  o.a.AndroidAnnotationProcessor:250 - Number of files generated by AndroidAnnotations: 1
22:47:06.385 [Worker-2] INFO  o.a.g.ApiCodeGenerator:52 - Writting following API classes in project: []
22:47:06.386 [Worker-2] DEBUG o.a.g.SourceCodewriter:55 - Generating class: com.feed.FeedItemView_
22:47:06.416 [Worker-2] INFO  o.a.p.TimeStats:81 - Time measurements: [Whole Processing = 70 ms], [Generate Sources = 31 ms], [Extract Annotations = 14 ms], [Find R Classes = 14 ms], [Extract Manifest = 3 ms], [Process Annotations = 3 ms], [Validate Annotations = 2 ms], 
22:47:06.416 [Worker-2] INFO  o.a.AndroidAnnotationProcessor:122 - Finish processing
22:49:28.189 [Worker-6] INFO  o.a.AndroidAnnotationProcessor:84 - Initialize AndroidAnnotations 3.1 with options {phase=BUILD}
22:49:28.193 [Worker-6] INFO  o.a.AndroidAnnotationProcessor:108 - Start processing for 2 annotations on 1 elements
22:49:28.211 [Worker-6] DEBUG o.a.h.AndroidManifestFinder:137 - AndroidManifest.xml file found in parent folder D:\android project\RssReader: D:\android project\RssReader\AndroidManifest.xml
22:49:28.215 [Worker-6] INFO  o.a.AndroidAnnotationProcessor:171 - AndroidManifest.xml found: AndroidManifest [applicationPackage=com.example.rssreader, componentQualifiedNames=[com.example.rssreader.MainActivity_], permissionQualifiedNames=[android.permission.INTERNET], applicationClassName=null, libraryProject=false, debugabble=false, minSdkVersion=17, maxSdkVersion=-1, targetSdkVersion=19]
22:49:28.215 [Worker-6] INFO  o.a.r.ProjectRClassFinder:50 - Found project R class: com.example.rssreader.R
22:49:28.218 [Worker-6] INFO  o.a.r.AndroidRClassFinder:44 - Found Android class: android.R
22:49:28.227 [Worker-6] INFO  o.a.p.ModelValidator:42 - Validating elements
22:49:28.228 [Worker-6] DEBUG o.a.p.ModelValidator:62 - Validating with EViewGroupHandler: [com.feed.FeedItemView]
22:49:28.229 [Worker-6] DEBUG o.a.p.ModelValidator:62 - Validating with ViewByIdHandler: [webView1, title, description]
22:49:28.231 [Worker-6] INFO  o.a.p.ModelProcessor:69 - Processing root elements
22:49:28.231 [Worker-6] DEBUG o.a.p.ModelProcessor:160 - Processing root elements EViewGroupHandler: [com.feed.FeedItemView]
22:49:28.232 [Worker-6] INFO  o.a.p.ModelProcessor:77 - Processing enclosed elements
22:49:28.233 [Worker-6] INFO  o.a.AndroidAnnotationProcessor:250 - Number of files generated by AndroidAnnotations: 1
22:49:28.234 [Worker-6] INFO  o.a.g.ApiCodeGenerator:52 - Writting following API classes in project: []
22:49:28.234 [Worker-6] DEBUG o.a.g.SourceCodewriter:55 - Generating class: com.feed.FeedItemView_
22:49:28.251 [Worker-6] INFO  o.a.p.TimeStats:81 - Time measurements: [Whole Processing = 58 ms], [Generate Sources = 18 ms], [Extract Annotations = 17 ms], [Find R Classes = 12 ms], [Extract Manifest = 4 ms], [Validate Annotations = 4 ms], [Process Annotations = 2 ms], 
22:49:28.252 [Worker-6] INFO  o.a.AndroidAnnotationProcessor:122 - Finish processing
22:50:18.895 [Worker-3] INFO  o.a.AndroidAnnotationProcessor:84 - Initialize AndroidAnnotations 3.1 with options {phase=BUILD}
22:50:18.897 [Worker-3] INFO  o.a.AndroidAnnotationProcessor:108 - Start processing for 7 annotations on 1 elements
22:50:18.915 [Worker-3] DEBUG o.a.h.AndroidManifestFinder:137 - AndroidManifest.xml file found in parent folder D:\android project\RssReader: D:\android project\RssReader\AndroidManifest.xml
22:50:18.918 [Worker-3] INFO  o.a.AndroidAnnotationProcessor:171 - AndroidManifest.xml found: AndroidManifest [applicationPackage=com.example.rssreader, componentQualifiedNames=[com.example.rssreader.MainActivity_], permissionQualifiedNames=[android.permission.INTERNET], applicationClassName=null, libraryProject=false, debugabble=false, minSdkVersion=17, maxSdkVersion=-1, targetSdkVersion=19]
22:50:18.919 [Worker-3] INFO  o.a.r.ProjectRClassFinder:50 - Found project R class: com.example.rssreader.R
22:50:18.921 [Worker-3] INFO  o.a.r.AndroidRClassFinder:44 - Found Android class: android.R
22:50:18.928 [Worker-3] INFO  o.a.p.ModelValidator:42 - Validating elements
22:50:18.929 [Worker-3] DEBUG o.a.p.ModelValidator:62 - Validating with EActivityHandler: [com.example.rssreader.MainActivity]
22:50:18.930 [Worker-3] DEBUG o.a.p.ModelValidator:62 - Validating with ViewByIdHandler: [listView]
22:50:18.933 [Worker-3] DEBUG o.a.p.ModelValidator:62 - Validating with ItemClickHandler: [public void listViewItemClicked(int) ]
22:50:18.934 [Worker-3] DEBUG o.a.p.ModelValidator:62 - Validating with BeanHandler: [adapter]
22:50:18.935 [Worker-3] DEBUG o.a.p.ModelValidator:62 - Validating with AfterViewsHandler: [void afterView() ]
22:50:18.935 [Worker-3] DEBUG o.a.p.ModelValidator:62 - Validating with UiThreadHandler: [void run() ]
22:50:18.936 [Worker-3] DEBUG o.a.p.ModelValidator:62 - Validating with BackgroundHandler: [void background() ]
22:50:18.936 [Worker-3] INFO  o.a.p.ModelProcessor:69 - Processing root elements
22:50:18.937 [Worker-3] DEBUG o.a.p.ModelProcessor:160 - Processing root elements EActivityHandler: [com.example.rssreader.MainActivity]
22:50:18.940 [Worker-3] INFO  o.a.p.ModelProcessor:77 - Processing enclosed elements
22:50:18.942 [Worker-3] INFO  o.a.AndroidAnnotationProcessor:250 - Number of files generated by AndroidAnnotations: 1
22:50:18.943 [Worker-3] INFO  o.a.g.ApiCodeGenerator:52 - Writting following API classes in project: []
22:50:18.943 [Worker-3] DEBUG o.a.g.SourceCodewriter:55 - Generating class: com.example.rssreader.MainActivity_
22:50:18.948 [Worker-3] INFO  o.a.p.TimeStats:81 - Time measurements: [Whole Processing = 51 ms], [Extract Annotations = 16 ms], [Find R Classes = 9 ms], [Validate Annotations = 8 ms], [Process Annotations = 6 ms], [Generate Sources = 6 ms], [Extract Manifest = 4 ms], 
22:50:18.949 [Worker-3] INFO  o.a.AndroidAnnotationProcessor:122 - Finish processing
22:51:46.987 [Worker-1] INFO  o.a.AndroidAnnotationProcessor:84 - Initialize AndroidAnnotations 3.1 with options {phase=BUILD}
22:51:46.990 [Worker-1] INFO  o.a.AndroidAnnotationProcessor:108 - Start processing for 2 annotations on 1 elements
22:51:47.7 [Worker-1] DEBUG o.a.h.AndroidManifestFinder:137 - AndroidManifest.xml file found in parent folder D:\android project\RssReader: D:\android project\RssReader\AndroidManifest.xml
22:51:47.11 [Worker-1] INFO  o.a.AndroidAnnotationProcessor:171 - AndroidManifest.xml found: AndroidManifest [applicationPackage=com.example.rssreader, componentQualifiedNames=[com.example.rssreader.MainActivity_], permissionQualifiedNames=[android.permission.INTERNET], applicationClassName=null, libraryProject=false, debugabble=false, minSdkVersion=17, maxSdkVersion=-1, targetSdkVersion=19]
22:51:47.11 [Worker-1] INFO  o.a.r.ProjectRClassFinder:50 - Found project R class: com.example.rssreader.R
22:51:47.14 [Worker-1] INFO  o.a.r.AndroidRClassFinder:44 - Found Android class: android.R
22:51:47.20 [Worker-1] INFO  o.a.p.ModelValidator:42 - Validating elements
22:51:47.21 [Worker-1] DEBUG o.a.p.ModelValidator:62 - Validating with EViewGroupHandler: [com.feed.FeedItemView]
22:51:47.22 [Worker-1] DEBUG o.a.p.ModelValidator:62 - Validating with ViewByIdHandler: [description, title]
22:51:47.23 [Worker-1] INFO  o.a.p.ModelProcessor:69 - Processing root elements
22:51:47.24 [Worker-1] DEBUG o.a.p.ModelProcessor:160 - Processing root elements EViewGroupHandler: [com.feed.FeedItemView]
22:51:47.25 [Worker-1] INFO  o.a.p.ModelProcessor:77 - Processing enclosed elements
22:51:47.26 [Worker-1] INFO  o.a.AndroidAnnotationProcessor:250 - Number of files generated by AndroidAnnotations: 1
22:51:47.26 [Worker-1] INFO  o.a.g.ApiCodeGenerator:52 - Writting following API classes in project: []
22:51:47.27 [Worker-1] DEBUG o.a.g.SourceCodewriter:55 - Generating class: com.feed.FeedItemView_
22:51:47.35 [Worker-1] INFO  o.a.p.TimeStats:81 - Time measurements: [Whole Processing = 45 ms], [Extract Annotations = 16 ms], [Find R Classes = 9 ms], [Generate Sources = 9 ms], [Extract Manifest = 4 ms], [Validate Annotations = 3 ms], [Process Annotations = 3 ms], 
22:51:47.36 [Worker-1] INFO  o.a.AndroidAnnotationProcessor:122 - Finish processing
22:51:49.432 [Worker-2] INFO  o.a.AndroidAnnotationProcessor:84 - Initialize AndroidAnnotations 3.1 with options {phase=BUILD}
22:51:49.435 [Worker-2] INFO  o.a.AndroidAnnotationProcessor:108 - Start processing for 2 annotations on 2 elements
22:51:49.450 [Worker-2] DEBUG o.a.h.AndroidManifestFinder:137 - AndroidManifest.xml file found in parent folder D:\android project\RssReader: D:\android project\RssReader\AndroidManifest.xml
22:51:49.454 [Worker-2] INFO  o.a.AndroidAnnotationProcessor:171 - AndroidManifest.xml found: AndroidManifest [applicationPackage=com.example.rssreader, componentQualifiedNames=[com.example.rssreader.MainActivity_], permissionQualifiedNames=[android.permission.INTERNET], applicationClassName=null, libraryProject=false, debugabble=false, minSdkVersion=17, maxSdkVersion=-1, targetSdkVersion=19]
22:51:49.455 [Worker-2] INFO  o.a.r.ProjectRClassFinder:50 - Found project R class: com.example.rssreader.R
22:51:49.457 [Worker-2] INFO  o.a.r.AndroidRClassFinder:44 - Found Android class: android.R
22:51:49.465 [Worker-2] INFO  o.a.p.ModelValidator:42 - Validating elements
22:51:49.466 [Worker-2] DEBUG o.a.p.ModelValidator:62 - Validating with EViewGroupHandler: [com.feed.FeedItemView]
22:51:49.467 [Worker-2] DEBUG o.a.p.ModelValidator:62 - Validating with ViewByIdHandler: [title, description]
22:51:49.468 [Worker-2] INFO  o.a.p.ModelProcessor:69 - Processing root elements
22:51:49.469 [Worker-2] DEBUG o.a.p.ModelProcessor:160 - Processing root elements EViewGroupHandler: [com.feed.FeedItemView]
22:51:49.469 [Worker-2] INFO  o.a.p.ModelProcessor:77 - Processing enclosed elements
22:51:49.470 [Worker-2] INFO  o.a.AndroidAnnotationProcessor:250 - Number of files generated by AndroidAnnotations: 1
22:51:49.471 [Worker-2] INFO  o.a.g.ApiCodeGenerator:52 - Writting following API classes in project: []
22:51:49.471 [Worker-2] DEBUG o.a.g.SourceCodewriter:55 - Generating class: com.feed.FeedItemView_
22:51:49.523 [Worker-2] INFO  o.a.p.TimeStats:81 - Time measurements: [Whole Processing = 88 ms], [Generate Sources = 53 ms], [Extract Annotations = 14 ms], [Find R Classes = 10 ms], [Extract Manifest = 4 ms], [Validate Annotations = 3 ms], [Process Annotations = 2 ms], 
22:51:49.599 [Worker-2] INFO  o.a.AndroidAnnotationProcessor:122 - Finish processing
22:52:05.219 [Worker-7] INFO  o.a.AndroidAnnotationProcessor:84 - Initialize AndroidAnnotations 3.1 with options {phase=BUILD}
22:52:05.222 [Worker-7] INFO  o.a.AndroidAnnotationProcessor:108 - Start processing for 2 annotations on 1 elements
22:52:05.236 [Worker-7] DEBUG o.a.h.AndroidManifestFinder:137 - AndroidManifest.xml file found in parent folder D:\android project\RssReader: D:\android project\RssReader\AndroidManifest.xml
22:52:05.239 [Worker-7] INFO  o.a.AndroidAnnotationProcessor:171 - AndroidManifest.xml found: AndroidManifest [applicationPackage=com.example.rssreader, componentQualifiedNames=[com.example.rssreader.MainActivity_], permissionQualifiedNames=[android.permission.INTERNET], applicationClassName=null, libraryProject=false, debugabble=false, minSdkVersion=17, maxSdkVersion=-1, targetSdkVersion=19]
22:52:05.240 [Worker-7] INFO  o.a.r.ProjectRClassFinder:50 - Found project R class: com.example.rssreader.R
22:52:05.242 [Worker-7] INFO  o.a.r.AndroidRClassFinder:44 - Found Android class: android.R
22:52:05.249 [Worker-7] INFO  o.a.p.ModelValidator:42 - Validating elements
22:52:05.250 [Worker-7] DEBUG o.a.p.ModelValidator:62 - Validating with EViewGroupHandler: [com.feed.FeedItemView]
22:52:05.250 [Worker-7] DEBUG o.a.p.ModelValidator:62 - Validating with ViewByIdHandler: [description, webView1, title]
22:52:05.252 [Worker-7] INFO  o.a.p.ModelProcessor:69 - Processing root elements
22:52:05.252 [Worker-7] DEBUG o.a.p.ModelProcessor:160 - Processing root elements EViewGroupHandler: [com.feed.FeedItemView]
22:52:05.253 [Worker-7] INFO  o.a.p.ModelProcessor:77 - Processing enclosed elements
22:52:05.254 [Worker-7] INFO  o.a.AndroidAnnotationProcessor:250 - Number of files generated by AndroidAnnotations: 1
22:52:05.254 [Worker-7] INFO  o.a.g.ApiCodeGenerator:52 - Writting following API classes in project: []
22:52:05.255 [Worker-7] DEBUG o.a.g.SourceCodewriter:55 - Generating class: com.feed.FeedItemView_
22:52:05.266 [Worker-7] INFO  o.a.p.TimeStats:81 - Time measurements: [Whole Processing = 44 ms], [Extract Annotations = 13 ms], [Generate Sources = 12 ms], [Find R Classes = 8 ms], [Extract Manifest = 4 ms], [Validate Annotations = 3 ms], [Process Annotations = 2 ms], 
22:52:05.267 [Worker-7] INFO  o.a.AndroidAnnotationProcessor:122 - Finish processing
22:53:52.171 [Worker-3] INFO  o.a.AndroidAnnotationProcessor:84 - Initialize AndroidAnnotations 3.1 with options {phase=BUILD}
22:53:57.151 [Worker-7] INFO  o.a.AndroidAnnotationProcessor:84 - Initialize AndroidAnnotations 3.1 with options {phase=BUILD}
22:54:55.158 [Worker-9] INFO  o.a.AndroidAnnotationProcessor:84 - Initialize AndroidAnnotations 3.1 with options {phase=BUILD}
22:54:55.160 [Worker-9] INFO  o.a.AndroidAnnotationProcessor:108 - Start processing for 7 annotations on 1 elements
22:54:55.200 [Worker-9] DEBUG o.a.h.AndroidManifestFinder:137 - AndroidManifest.xml file found in parent folder D:\android project\RssReader: D:\android project\RssReader\AndroidManifest.xml
22:54:55.202 [Worker-9] INFO  o.a.AndroidAnnotationProcessor:171 - AndroidManifest.xml found: AndroidManifest [applicationPackage=com.example.rssreader, componentQualifiedNames=[com.example.rssreader.MainActivity_], permissionQualifiedNames=[android.permission.INTERNET], applicationClassName=null, libraryProject=false, debugabble=false, minSdkVersion=17, maxSdkVersion=-1, targetSdkVersion=19]
22:54:55.203 [Worker-9] INFO  o.a.r.ProjectRClassFinder:50 - Found project R class: com.example.rssreader.R
22:54:55.206 [Worker-9] INFO  o.a.r.AndroidRClassFinder:44 - Found Android class: android.R
22:54:55.225 [Worker-9] INFO  o.a.p.ModelValidator:42 - Validating elements
22:54:55.226 [Worker-9] DEBUG o.a.p.ModelValidator:62 - Validating with EActivityHandler: [com.example.rssreader.MainActivity]
22:54:55.226 [Worker-9] DEBUG o.a.p.ModelValidator:62 - Validating with ViewByIdHandler: [listView]
22:54:55.231 [Worker-9] DEBUG o.a.p.ModelValidator:62 - Validating with ItemClickHandler: [public void listViewItemClicked(int) ]
22:54:55.232 [Worker-9] DEBUG o.a.p.ModelValidator:62 - Validating with BeanHandler: [adapter]
22:54:55.233 [Worker-9] DEBUG o.a.p.ModelValidator:62 - Validating with AfterViewsHandler: [void afterView() ]
22:54:55.234 [Worker-9] DEBUG o.a.p.ModelValidator:62 - Validating with UiThreadHandler: [void run() ]
22:54:55.234 [Worker-9] DEBUG o.a.p.ModelValidator:62 - Validating with BackgroundHandler: [void background() ]
22:54:55.235 [Worker-9] INFO  o.a.p.ModelProcessor:69 - Processing root elements
22:54:55.235 [Worker-9] DEBUG o.a.p.ModelProcessor:160 - Processing root elements EActivityHandler: [com.example.rssreader.MainActivity]
22:54:55.240 [Worker-9] INFO  o.a.p.ModelProcessor:77 - Processing enclosed elements
22:54:55.241 [Worker-9] INFO  o.a.AndroidAnnotationProcessor:250 - Number of files generated by AndroidAnnotations: 1
22:54:55.242 [Worker-9] INFO  o.a.g.ApiCodeGenerator:52 - Writting following API classes in project: []
22:54:55.242 [Worker-9] DEBUG o.a.g.SourceCodewriter:55 - Generating class: com.example.rssreader.MainActivity_
22:54:55.268 [Worker-9] INFO  o.a.p.TimeStats:81 - Time measurements: [Whole Processing = 108 ms], [Extract Annotations = 38 ms], [Generate Sources = 27 ms], [Find R Classes = 22 ms], [Validate Annotations = 10 ms], [Process Annotations = 6 ms], [Extract Manifest = 3 ms], 
22:54:55.269 [Worker-9] INFO  o.a.AndroidAnnotationProcessor:122 - Finish processing
22:55:05.620 [Worker-3] INFO  o.a.AndroidAnnotationProcessor:84 - Initialize AndroidAnnotations 3.1 with options {phase=BUILD}
22:55:05.622 [Worker-3] INFO  o.a.AndroidAnnotationProcessor:108 - Start processing for 7 annotations on 2 elements
22:55:05.639 [Worker-3] DEBUG o.a.h.AndroidManifestFinder:137 - AndroidManifest.xml file found in parent folder D:\android project\RssReader: D:\android project\RssReader\AndroidManifest.xml
22:55:05.641 [Worker-3] INFO  o.a.AndroidAnnotationProcessor:171 - AndroidManifest.xml found: AndroidManifest [applicationPackage=com.example.rssreader, componentQualifiedNames=[com.example.rssreader.MainActivity_], permissionQualifiedNames=[android.permission.INTERNET], applicationClassName=null, libraryProject=false, debugabble=false, minSdkVersion=17, maxSdkVersion=-1, targetSdkVersion=19]
22:55:05.642 [Worker-3] INFO  o.a.r.ProjectRClassFinder:50 - Found project R class: com.example.rssreader.R
22:55:05.644 [Worker-3] INFO  o.a.r.AndroidRClassFinder:44 - Found Android class: android.R
22:55:05.651 [Worker-3] INFO  o.a.p.ModelValidator:42 - Validating elements
22:55:05.652 [Worker-3] DEBUG o.a.p.ModelValidator:62 - Validating with EActivityHandler: [com.example.rssreader.MainActivity]
22:55:05.653 [Worker-3] DEBUG o.a.p.ModelValidator:62 - Validating with ViewByIdHandler: [listView]
22:55:05.656 [Worker-3] DEBUG o.a.p.ModelValidator:62 - Validating with ItemClickHandler: [public void listViewItemClicked(int) ]
22:55:05.658 [Worker-3] DEBUG o.a.p.ModelValidator:62 - Validating with BeanHandler: [adapter]
22:55:05.659 [Worker-3] DEBUG o.a.p.ModelValidator:62 - Validating with AfterViewsHandler: [void afterView() ]
22:55:05.660 [Worker-3] DEBUG o.a.p.ModelValidator:62 - Validating with UiThreadHandler: [void run() ]
22:55:05.660 [Worker-3] DEBUG o.a.p.ModelValidator:62 - Validating with BackgroundHandler: [void background() ]
22:55:05.661 [Worker-3] INFO  o.a.p.ModelProcessor:69 - Processing root elements
22:55:05.661 [Worker-3] DEBUG o.a.p.ModelProcessor:160 - Processing root elements EActivityHandler: [com.example.rssreader.MainActivity]
22:55:05.665 [Worker-3] INFO  o.a.p.ModelProcessor:77 - Processing enclosed elements
22:55:05.666 [Worker-3] INFO  o.a.AndroidAnnotationProcessor:250 - Number of files generated by AndroidAnnotations: 1
22:55:05.667 [Worker-3] INFO  o.a.g.ApiCodeGenerator:52 - Writting following API classes in project: []
22:55:05.667 [Worker-3] DEBUG o.a.g.SourceCodewriter:55 - Generating class: com.example.rssreader.MainActivity_
22:55:05.672 [Worker-3] INFO  o.a.p.TimeStats:81 - Time measurements: [Whole Processing = 50 ms], [Extract Annotations = 16 ms], [Validate Annotations = 10 ms], [Find R Classes = 9 ms], [Generate Sources = 6 ms], [Process Annotations = 5 ms], [Extract Manifest = 3 ms], 
22:55:05.672 [Worker-3] INFO  o.a.AndroidAnnotationProcessor:122 - Finish processing
22:55:25.645 [Worker-3] INFO  o.a.AndroidAnnotationProcessor:84 - Initialize AndroidAnnotations 3.1 with options {phase=BUILD}
22:55:25.647 [Worker-3] INFO  o.a.AndroidAnnotationProcessor:108 - Start processing for 2 annotations on 1 elements
22:55:25.680 [Worker-3] DEBUG o.a.h.AndroidManifestFinder:137 - AndroidManifest.xml file found in parent folder D:\android project\RssReader: D:\android project\RssReader\AndroidManifest.xml
22:55:25.684 [Worker-3] INFO  o.a.AndroidAnnotationProcessor:171 - AndroidManifest.xml found: AndroidManifest [applicationPackage=com.example.rssreader, componentQualifiedNames=[com.example.rssreader.MainActivity_], permissionQualifiedNames=[android.permission.INTERNET], applicationClassName=null, libraryProject=false, debugabble=false, minSdkVersion=17, maxSdkVersion=-1, targetSdkVersion=19]
22:55:25.684 [Worker-3] INFO  o.a.r.ProjectRClassFinder:50 - Found project R class: com.example.rssreader.R
22:55:25.687 [Worker-3] INFO  o.a.r.AndroidRClassFinder:44 - Found Android class: android.R
22:55:25.694 [Worker-3] INFO  o.a.p.ModelValidator:42 - Validating elements
22:55:25.695 [Worker-3] DEBUG o.a.p.ModelValidator:62 - Validating with EViewGroupHandler: [com.feed.FeedItemView]
22:55:25.695 [Worker-3] DEBUG o.a.p.ModelValidator:62 - Validating with ViewByIdHandler: [webView1, title, description]
22:55:25.697 [Worker-3] INFO  o.a.p.ModelProcessor:69 - Processing root elements
22:55:25.697 [Worker-3] DEBUG o.a.p.ModelProcessor:160 - Processing root elements EViewGroupHandler: [com.feed.FeedItemView]
22:55:25.699 [Worker-3] INFO  o.a.p.ModelProcessor:77 - Processing enclosed elements
22:55:25.700 [Worker-3] INFO  o.a.AndroidAnnotationProcessor:250 - Number of files generated by AndroidAnnotations: 1
22:55:25.700 [Worker-3] INFO  o.a.g.ApiCodeGenerator:52 - Writting following API classes in project: []
22:55:25.701 [Worker-3] DEBUG o.a.g.SourceCodewriter:55 - Generating class: com.feed.FeedItemView_
22:55:25.731 [Worker-3] INFO  o.a.p.TimeStats:81 - Time measurements: [Whole Processing = 84 ms], [Extract Annotations = 32 ms], [Generate Sources = 31 ms], [Find R Classes = 10 ms], [Extract Manifest = 4 ms], [Validate Annotations = 3 ms], [Process Annotations = 3 ms], 
22:55:25.731 [Worker-3] INFO  o.a.AndroidAnnotationProcessor:122 - Finish processing
22:55:36.570 [Worker-10] INFO  o.a.AndroidAnnotationProcessor:84 - Initialize AndroidAnnotations 3.1 with options {phase=BUILD}
22:55:36.573 [Worker-10] INFO  o.a.AndroidAnnotationProcessor:108 - Start processing for 2 annotations on 1 elements
22:55:36.588 [Worker-10] DEBUG o.a.h.AndroidManifestFinder:137 - AndroidManifest.xml file found in parent folder D:\android project\RssReader: D:\android project\RssReader\AndroidManifest.xml
22:55:36.592 [Worker-10] INFO  o.a.AndroidAnnotationProcessor:171 - AndroidManifest.xml found: AndroidManifest [applicationPackage=com.example.rssreader, componentQualifiedNames=[com.example.rssreader.MainActivity_], permissionQualifiedNames=[android.permission.INTERNET], applicationClassName=null, libraryProject=false, debugabble=false, minSdkVersion=17, maxSdkVersion=-1, targetSdkVersion=19]
22:55:36.592 [Worker-10] INFO  o.a.r.ProjectRClassFinder:50 - Found project R class: com.example.rssreader.R
22:55:36.594 [Worker-10] INFO  o.a.r.AndroidRClassFinder:44 - Found Android class: android.R
22:55:36.601 [Worker-10] INFO  o.a.p.ModelValidator:42 - Validating elements
22:55:36.602 [Worker-10] DEBUG o.a.p.ModelValidator:62 - Validating with EViewGroupHandler: [com.feed.FeedItemView]
22:55:36.603 [Worker-10] DEBUG o.a.p.ModelValidator:62 - Validating with ViewByIdHandler: [title, description, webView1]
22:55:36.604 [Worker-10] INFO  o.a.p.ModelProcessor:69 - Processing root elements
22:55:36.604 [Worker-10] DEBUG o.a.p.ModelProcessor:160 - Processing root elements EViewGroupHandler: [com.feed.FeedItemView]
22:55:36.605 [Worker-10] INFO  o.a.p.ModelProcessor:77 - Processing enclosed elements
22:55:36.606 [Worker-10] INFO  o.a.AndroidAnnotationProcessor:250 - Number of files generated by AndroidAnnotations: 1
22:55:36.606 [Worker-10] INFO  o.a.g.ApiCodeGenerator:52 - Writting following API classes in project: []
22:55:36.607 [Worker-10] DEBUG o.a.g.SourceCodewriter:55 - Generating class: com.feed.FeedItemView_
22:55:36.616 [Worker-10] INFO  o.a.p.TimeStats:81 - Time measurements: [Whole Processing = 43 ms], [Extract Annotations = 15 ms], [Generate Sources = 10 ms], [Find R Classes = 8 ms], [Extract Manifest = 4 ms], [Validate Annotations = 3 ms], [Process Annotations = 2 ms], 
22:55:36.617 [Worker-10] INFO  o.a.AndroidAnnotationProcessor:122 - Finish processing
22:56:22.293 [Worker-11] INFO  o.a.AndroidAnnotationProcessor:84 - Initialize AndroidAnnotations 3.1 with options {phase=BUILD}
22:56:22.296 [Worker-11] INFO  o.a.AndroidAnnotationProcessor:108 - Start processing for 7 annotations on 1 elements
22:56:22.310 [Worker-11] DEBUG o.a.h.AndroidManifestFinder:137 - AndroidManifest.xml file found in parent folder D:\android project\RssReader: D:\android project\RssReader\AndroidManifest.xml
22:56:22.313 [Worker-11] INFO  o.a.AndroidAnnotationProcessor:171 - AndroidManifest.xml found: AndroidManifest [applicationPackage=com.example.rssreader, componentQualifiedNames=[com.example.rssreader.MainActivity_], permissionQualifiedNames=[android.permission.INTERNET], applicationClassName=null, libraryProject=false, debugabble=false, minSdkVersion=17, maxSdkVersion=-1, targetSdkVersion=19]
22:56:22.314 [Worker-11] INFO  o.a.r.ProjectRClassFinder:50 - Found project R class: com.example.rssreader.R
22:56:22.317 [Worker-11] INFO  o.a.r.AndroidRClassFinder:44 - Found Android class: android.R
22:56:22.326 [Worker-11] INFO  o.a.p.ModelValidator:42 - Validating elements
22:56:22.327 [Worker-11] DEBUG o.a.p.ModelValidator:62 - Validating with EActivityHandler: [com.example.rssreader.MainActivity]
22:56:22.328 [Worker-11] DEBUG o.a.p.ModelValidator:62 - Validating with ViewByIdHandler: [listView]
22:56:22.331 [Worker-11] DEBUG o.a.p.ModelValidator:62 - Validating with ItemClickHandler: [public void listViewItemClicked(int) ]
22:56:22.332 [Worker-11] DEBUG o.a.p.ModelValidator:62 - Validating with BeanHandler: [adapter]
22:56:22.333 [Worker-11] DEBUG o.a.p.ModelValidator:62 - Validating with AfterViewsHandler: [void afterView() ]
22:56:22.333 [Worker-11] DEBUG o.a.p.ModelValidator:62 - Validating with UiThreadHandler: [void run() ]
22:56:22.334 [Worker-11] DEBUG o.a.p.ModelValidator:62 - Validating with BackgroundHandler: [void background() ]
22:56:22.335 [Worker-11] INFO  o.a.p.ModelProcessor:69 - Processing root elements
22:56:22.335 [Worker-11] DEBUG o.a.p.ModelProcessor:160 - Processing root elements EActivityHandler: [com.example.rssreader.MainActivity]
22:56:22.338 [Worker-11] INFO  o.a.p.ModelProcessor:77 - Processing enclosed elements
22:56:22.339 [Worker-11] INFO  o.a.AndroidAnnotationProcessor:250 - Number of files generated by AndroidAnnotations: 1
22:56:22.340 [Worker-11] INFO  o.a.g.ApiCodeGenerator:52 - Writting following API classes in project: []
22:56:22.340 [Worker-11] DEBUG o.a.g.SourceCodewriter:55 - Generating class: com.example.rssreader.MainActivity_
22:56:22.346 [Worker-11] INFO  o.a.p.TimeStats:81 - Time measurements: [Whole Processing = 50 ms], [Extract Annotations = 14 ms], [Find R Classes = 12 ms], [Validate Annotations = 8 ms], [Generate Sources = 7 ms], [Process Annotations = 5 ms], [Extract Manifest = 3 ms], 
22:56:22.347 [Worker-11] INFO  o.a.AndroidAnnotationProcessor:122 - Finish processing
22:56:31.118 [Worker-6] INFO  o.a.AndroidAnnotationProcessor:84 - Initialize AndroidAnnotations 3.1 with options {phase=BUILD}
22:56:31.120 [Worker-6] INFO  o.a.AndroidAnnotationProcessor:108 - Start processing for 7 annotations on 2 elements
22:56:31.135 [Worker-6] DEBUG o.a.h.AndroidManifestFinder:137 - AndroidManifest.xml file found in parent folder D:\android project\RssReader: D:\android project\RssReader\AndroidManifest.xml
22:56:31.138 [Worker-6] INFO  o.a.AndroidAnnotationProcessor:171 - AndroidManifest.xml found: AndroidManifest [applicationPackage=com.example.rssreader, componentQualifiedNames=[com.example.rssreader.MainActivity_], permissionQualifiedNames=[android.permission.INTERNET], applicationClassName=null, libraryProject=false, debugabble=false, minSdkVersion=17, maxSdkVersion=-1, targetSdkVersion=19]
22:56:31.139 [Worker-6] INFO  o.a.r.ProjectRClassFinder:50 - Found project R class: com.example.rssreader.R
22:56:31.140 [Worker-6] INFO  o.a.r.AndroidRClassFinder:44 - Found Android class: android.R
22:56:31.147 [Worker-6] INFO  o.a.p.ModelValidator:42 - Validating elements
22:56:31.148 [Worker-6] DEBUG o.a.p.ModelValidator:62 - Validating with EActivityHandler: [com.example.rssreader.MainActivity]
22:56:31.149 [Worker-6] DEBUG o.a.p.ModelValidator:62 - Validating with ViewByIdHandler: [listView]
22:56:31.153 [Worker-6] DEBUG o.a.p.ModelValidator:62 - Validating with ItemClickHandler: [public void listViewItemClicked(Feed) ]
22:56:31.155 [Worker-6] DEBUG o.a.p.ModelValidator:62 - Validating with BeanHandler: [adapter]
22:56:31.156 [Worker-6] DEBUG o.a.p.ModelValidator:62 - Validating with AfterViewsHandler: [void afterView() ]
22:56:31.157 [Worker-6] DEBUG o.a.p.ModelValidator:62 - Validating with UiThreadHandler: [void run() ]
22:56:31.157 [Worker-6] DEBUG o.a.p.ModelValidator:62 - Validating with BackgroundHandler: [void background() ]
22:56:31.158 [Worker-6] INFO  o.a.p.ModelProcessor:69 - Processing root elements
22:56:31.158 [Worker-6] DEBUG o.a.p.ModelProcessor:160 - Processing root elements EActivityHandler: [com.example.rssreader.MainActivity]
22:56:31.161 [Worker-6] INFO  o.a.p.ModelProcessor:77 - Processing enclosed elements
22:56:31.166 [Worker-6] INFO  o.a.AndroidAnnotationProcessor:250 - Number of files generated by AndroidAnnotations: 1
22:56:31.167 [Worker-6] INFO  o.a.g.ApiCodeGenerator:52 - Writting following API classes in project: []
22:56:31.167 [Worker-6] DEBUG o.a.g.SourceCodewriter:55 - Generating class: com.example.rssreader.MainActivity_
22:56:31.713 [Worker-6] INFO  o.a.p.TimeStats:81 - Time measurements: [Whole Processing = 593 ms], [Generate Sources = 547 ms], [Extract Annotations = 15 ms], [Validate Annotations = 11 ms], [Find R Classes = 8 ms], [Process Annotations = 8 ms], [Extract Manifest = 3 ms], 
22:56:31.764 [Worker-6] INFO  o.a.AndroidAnnotationProcessor:122 - Finish processing
22:56:35.289 [Worker-6] INFO  o.a.AndroidAnnotationProcessor:84 - Initialize AndroidAnnotations 3.1 with options {phase=BUILD}
22:56:36.477 [Worker-0] INFO  o.a.AndroidAnnotationProcessor:84 - Initialize AndroidAnnotations 3.1 with options {phase=BUILD}
22:56:36.479 [Worker-0] INFO  o.a.AndroidAnnotationProcessor:108 - Start processing for 7 annotations on 2 elements
22:56:36.494 [Worker-0] DEBUG o.a.h.AndroidManifestFinder:137 - AndroidManifest.xml file found in parent folder D:\android project\RssReader: D:\android project\RssReader\AndroidManifest.xml
22:56:36.496 [Worker-0] INFO  o.a.AndroidAnnotationProcessor:171 - AndroidManifest.xml found: AndroidManifest [applicationPackage=com.example.rssreader, componentQualifiedNames=[com.example.rssreader.MainActivity_], permissionQualifiedNames=[android.permission.INTERNET], applicationClassName=null, libraryProject=false, debugabble=false, minSdkVersion=17, maxSdkVersion=-1, targetSdkVersion=19]
22:56:36.497 [Worker-0] INFO  o.a.r.ProjectRClassFinder:50 - Found project R class: com.example.rssreader.R
22:56:36.498 [Worker-0] INFO  o.a.r.AndroidRClassFinder:44 - Found Android class: android.R
22:56:36.507 [Worker-0] INFO  o.a.p.ModelValidator:42 - Validating elements
22:56:36.507 [Worker-0] DEBUG o.a.p.ModelValidator:62 - Validating with EActivityHandler: [com.example.rssreader.MainActivity]
22:56:36.508 [Worker-0] DEBUG o.a.p.ModelValidator:62 - Validating with ViewByIdHandler: [listView]
22:56:36.511 [Worker-0] DEBUG o.a.p.ModelValidator:62 - Validating with ItemClickHandler: [public void listViewItemClicked(com.feed.Feed) ]
22:56:36.513 [Worker-0] DEBUG o.a.p.ModelValidator:62 - Validating with BeanHandler: [adapter]
22:56:36.514 [Worker-0] DEBUG o.a.p.ModelValidator:62 - Validating with AfterViewsHandler: [void afterView() ]
22:56:36.514 [Worker-0] DEBUG o.a.p.ModelValidator:62 - Validating with UiThreadHandler: [void run() ]
22:56:36.515 [Worker-0] DEBUG o.a.p.ModelValidator:62 - Validating with BackgroundHandler: [void background() ]
22:56:36.516 [Worker-0] INFO  o.a.p.ModelProcessor:69 - Processing root elements
22:56:36.516 [Worker-0] DEBUG o.a.p.ModelProcessor:160 - Processing root elements EActivityHandler: [com.example.rssreader.MainActivity]
22:56:36.519 [Worker-0] INFO  o.a.p.ModelProcessor:77 - Processing enclosed elements
22:56:36.521 [Worker-0] INFO  o.a.AndroidAnnotationProcessor:250 - Number of files generated by AndroidAnnotations: 1
22:56:36.521 [Worker-0] INFO  o.a.g.ApiCodeGenerator:52 - Writting following API classes in project: []
22:56:36.522 [Worker-0] DEBUG o.a.g.SourceCodewriter:55 - Generating class: com.example.rssreader.MainActivity_
22:56:36.546 [Worker-0] INFO  o.a.p.TimeStats:81 - Time measurements: [Whole Processing = 67 ms], [Generate Sources = 25 ms], [Extract Annotations = 14 ms], [Find R Classes = 9 ms], [Validate Annotations = 8 ms], [Process Annotations = 6 ms], [Extract Manifest = 3 ms], 
22:56:36.548 [Worker-0] INFO  o.a.AndroidAnnotationProcessor:122 - Finish processing
19:30:49.2 [Worker-5] INFO  o.a.AndroidAnnotationProcessor:84 - Initialize AndroidAnnotations 3.1 with options {phase=BUILD}
19:30:50.945 [Worker-5] INFO  o.a.AndroidAnnotationProcessor:108 - Start processing for 10 annotations on 7 elements
19:30:53.867 [Worker-5] DEBUG o.a.h.AndroidManifestFinder:137 - AndroidManifest.xml file found in parent folder D:\android project\RssReader: D:\android project\RssReader\AndroidManifest.xml
19:30:53.920 [Worker-5] INFO  o.a.AndroidAnnotationProcessor:171 - AndroidManifest.xml found: AndroidManifest [applicationPackage=com.example.rssreader, componentQualifiedNames=[com.example.rssreader.MainActivity_], permissionQualifiedNames=[android.permission.INTERNET], applicationClassName=null, libraryProject=false, debugabble=false, minSdkVersion=17, maxSdkVersion=-1, targetSdkVersion=19]
19:30:53.946 [Worker-5] INFO  o.a.r.ProjectRClassFinder:50 - Found project R class: com.example.rssreader.R
19:30:54.60 [Worker-5] INFO  o.a.r.AndroidRClassFinder:44 - Found Android class: android.R
19:30:55.592 [Worker-5] INFO  o.a.p.ModelValidator:42 - Validating elements
19:30:55.594 [Worker-5] DEBUG o.a.p.ModelValidator:62 - Validating with EActivityHandler: [com.example.rssreader.MainActivity]
19:30:55.602 [Worker-5] DEBUG o.a.p.ModelValidator:62 - Validating with EBeanHandler: [com.feed.FeedListAdapter]
19:30:55.604 [Worker-5] DEBUG o.a.p.ModelValidator:62 - Validating with EViewGroupHandler: [com.feed.FeedItemView]
19:30:55.609 [Worker-5] DEBUG o.a.p.ModelValidator:62 - Validating with ViewByIdHandler: [listView, description, webView1, title]
19:30:55.774 [Worker-5] DEBUG o.a.p.ModelValidator:62 - Validating with ItemClickHandler: [public void listViewItemClicked(com.feed.Feed) ]
19:30:55.781 [Worker-5] DEBUG o.a.p.ModelValidator:62 - Validating with RootContextHanlder: [context]
19:30:55.787 [Worker-5] DEBUG o.a.p.ModelValidator:62 - Validating with BeanHandler: [adapter]
19:30:55.789 [Worker-5] DEBUG o.a.p.ModelValidator:62 - Validating with AfterViewsHandler: [void afterView() ]
19:30:55.790 [Worker-5] DEBUG o.a.p.ModelValidator:62 - Validating with UiThreadHandler: [void run() ]
19:30:55.791 [Worker-5] DEBUG o.a.p.ModelValidator:62 - Validating with BackgroundHandler: [void background() ]
19:30:55.877 [Worker-5] INFO  o.a.p.ModelProcessor:69 - Processing root elements
19:30:55.879 [Worker-5] DEBUG o.a.p.ModelProcessor:160 - Processing root elements EActivityHandler: [com.example.rssreader.MainActivity]
19:30:56.102 [Worker-5] DEBUG o.a.p.ModelProcessor:160 - Processing root elements EBeanHandler: [com.feed.FeedListAdapter]
19:30:56.106 [Worker-5] DEBUG o.a.p.ModelProcessor:160 - Processing root elements EViewGroupHandler: [com.feed.FeedItemView]
19:30:56.156 [Worker-5] INFO  o.a.p.ModelProcessor:77 - Processing enclosed elements
19:30:56.196 [Worker-5] INFO  o.a.AndroidAnnotationProcessor:250 - Number of files generated by AndroidAnnotations: 3
19:30:56.200 [Worker-5] INFO  o.a.g.ApiCodeGenerator:52 - Writting following API classes in project: []
19:30:56.209 [Worker-5] DEBUG o.a.g.SourceCodewriter:55 - Generating class: com.example.rssreader.MainActivity_
19:30:56.463 [Worker-5] DEBUG o.a.g.SourceCodewriter:55 - Generating class: com.feed.FeedItemView_
19:30:56.472 [Worker-5] DEBUG o.a.g.SourceCodewriter:55 - Generating class: com.feed.FeedListAdapter_
19:30:56.476 [Worker-5] INFO  o.a.p.TimeStats:81 - Time measurements: [Whole Processing = 5531 ms], [Extract Annotations = 2906 ms], [Find R Classes = 1575 ms], [Process Annotations = 404 ms], [Generate Sources = 280 ms], [Validate Annotations = 201 ms], [Extract Manifest = 67 ms], 
19:30:56.477 [Worker-5] INFO  o.a.AndroidAnnotationProcessor:122 - Finish processing
