#
# There is insufficient memory for the Java Runtime Environment to continue.
# Native memory allocation (malloc) failed to allocate 262160 bytes for Chunk::new
# Possible reasons:
#   The system is out of physical RAM or swap space
#   In 32 bit mode, the process size limit was hit
# Possible solutions:
#   Reduce memory load on the system
#   Increase physical memory or swap space
#   Check if swap backing store is full
#   Use 64 bit Java on a 64 bit OS
#   Decrease Java heap size (-Xmx/-Xms)
#   Decrease number of Java threads
#   Decrease Java thread stack sizes (-Xss)
#   Set larger code cache with -XX:ReservedCodeCacheSize=
# This output file may be truncated or incomplete.
#
#  Out of Memory Error (allocation.cpp:390), pid=1448, tid=2892
#
# JRE version: Java(TM) SE Runtime Environment (8.0_51-b16) (build 1.8.0_51-b16)
# Java VM: Java HotSpot(TM) 64-Bit Server VM (25.51-b03 mixed mode windows-amd64 compressed oops)
# Failed to write core dump. Minidumps are not enabled by default on client versions of Windows
#

---------------  T H R E A D  ---------------

Current thread (0x00000000155ab800):  JavaThread "C2 CompilerThread0" daemon [_thread_in_native, id=2892, stack(0x0000000016b20000,0x0000000016c20000)]

Stack: [0x0000000016b20000,0x0000000016c20000]
Native frames: (J=compiled Java code, j=interpreted, Vv=VM code, C=native code)
V  [jvm.dll+0x32b4ca]


Current CompileTask:
C2:  22608 1479   !   4       com.android.dx.cf.code.BytecodeArray::parseInstruction (2764 bytes)


---------------  P R O C E S S  ---------------

Java Threads: ( => current thread )
  0x0000000016e29800 JavaThread "Service Thread" daemon [_thread_blocked, id=5920, stack(0x0000000017220000,0x0000000017320000)]
  0x0000000015608000 JavaThread "C1 CompilerThread2" daemon [_thread_blocked, id=808, stack(0x0000000016d20000,0x0000000016e20000)]
  0x00000000155af000 JavaThread "C2 CompilerThread1" daemon [_thread_in_native, id=6808, stack(0x0000000016c20000,0x0000000016d20000)]
=>0x00000000155ab800 JavaThread "C2 CompilerThread0" daemon [_thread_in_native, id=2892, stack(0x0000000016b20000,0x0000000016c20000)]
  0x00000000155aa000 JavaThread "Attach Listener" daemon [_thread_blocked, id=1588, stack(0x0000000016a20000,0x0000000016b20000)]
  0x00000000155a8800 JavaThread "Signal Dispatcher" daemon [_thread_blocked, id=2420, stack(0x0000000016920000,0x0000000016a20000)]
  0x0000000002ed5800 JavaThread "Finalizer" daemon [_thread_blocked, id=6076, stack(0x0000000016820000,0x0000000016920000)]
  0x0000000002ecd000 JavaThread "Reference Handler" daemon [_thread_blocked, id=1300, stack(0x0000000016720000,0x0000000016820000)]
  0x0000000002de0800 JavaThread "main" [_thread_in_native, id=4928, stack(0x0000000002be0000,0x0000000002ce0000)]

Other Threads:
  0x0000000015577800 VMThread [stack: 0x0000000016620000,0x0000000016720000] [id=5032]
  0x0000000016e24000 WatcherThread [stack: 0x0000000017320000,0x0000000017420000] [id=4724]

VM state:not at safepoint (normal execution)

VM Mutex/Monitor currently owned by a thread: None

Heap:
 PSYoungGen      total 18432K, used 10520K [0x00000000eab00000, 0x00000000ecf00000, 0x0000000100000000)
  eden space 15872K, 50% used [0x00000000eab00000,0x00000000eb2cc3f8,0x00000000eba80000)
  from space 2560K, 99% used [0x00000000ebd00000,0x00000000ebf79c78,0x00000000ebf80000)
  to   space 2560K, 0% used [0x00000000eba80000,0x00000000eba80000,0x00000000ebd00000)
 ParOldGen       total 42496K, used 4127K [0x00000000c0000000, 0x00000000c2980000, 0x00000000eab00000)
  object space 42496K, 9% used [0x00000000c0000000,0x00000000c0407c08,0x00000000c2980000)
 Metaspace       used 5766K, capacity 7024K, committed 7296K, reserved 1056768K
  class space    used 553K, capacity 616K, committed 640K, reserved 1048576K

Card table byte_map: [0x00000000122a0000,0x00000000124b0000] byte_map_base: 0x0000000011ca0000

Marking Bits: (ParMarkBitMap*) 0x0000000065654040
 Begin Bits: [0x0000000012a10000, 0x0000000013a10000)
 End Bits:   [0x0000000013a10000, 0x0000000014a10000)

Polling page: 0x0000000001290000

CodeCache: size=245760Kb used=6367Kb max_used=6369Kb free=239392Kb
 bounds [0x0000000002ee0000, 0x0000000003530000, 0x0000000011ee0000]
 total_blobs=1745 nmethods=1481 adapters=178
 compilation: enabled

Compilation events (10 events):
Event: 22.518 Thread 0x0000000015608000 nmethod 1477 0x00000000035154d0 code [0x0000000003515620, 0x00000000035157d0]
Event: 22.519 Thread 0x00000000155ab800 1478       4       com.android.dx.cf.code.BaseMachine::getLocalTarget (151 bytes)
Event: 22.523 Thread 0x00000000155ab800 nmethod 1478 0x0000000003511ed0 code [0x0000000003512040, 0x0000000003512288]
Event: 22.524 Thread 0x00000000155ab800 1479   !   4       com.android.dx.cf.code.BytecodeArray::parseInstruction (2764 bytes)
Event: 22.540 Thread 0x0000000015608000 1480       3       com.android.dx.cf.code.Frame::mergeWith (80 bytes)
Event: 22.542 Thread 0x0000000015608000 nmethod 1480 0x000000000351b590 code [0x000000000351b7c0, 0x000000000351c7a8]
Event: 22.542 Thread 0x0000000015608000 1481       3       com.android.dx.ssa.NormalSsaInsn::isMoveException (20 bytes)
Event: 22.543 Thread 0x0000000015608000 nmethod 1481 0x00000000034f06d0 code [0x00000000034f0840, 0x00000000034f0b30]
Event: 22.548 Thread 0x0000000015608000 1485       3       com.android.dx.util.Hex::u2 (44 bytes)
Event: 22.548 Thread 0x0000000015608000 nmethod 1485 0x00000000034efbd0 code [0x00000000034efd80, 0x00000000034f03f8]

GC Heap History (4 events):
Event: 17.251 GC heap before
{Heap before GC invocations=1 (full 0):
 PSYoungGen      total 18432K, used 15872K [0x00000000eab00000, 0x00000000ebf80000, 0x0000000100000000)
  eden space 15872K, 100% used [0x00000000eab00000,0x00000000eba80000,0x00000000eba80000)
  from space 2560K, 0% used [0x00000000ebd00000,0x00000000ebd00000,0x00000000ebf80000)
  to   space 2560K, 0% used [0x00000000eba80000,0x00000000eba80000,0x00000000ebd00000)
 ParOldGen       total 42496K, used 0K [0x00000000c0000000, 0x00000000c2980000, 0x00000000eab00000)
  object space 42496K, 0% used [0x00000000c0000000,0x00000000c0000000,0x00000000c2980000)
 Metaspace       used 5495K, capacity 6768K, committed 7040K, reserved 1056768K
  class space    used 549K, capacity 616K, committed 640K, reserved 1048576K
Event: 17.370 GC heap after
Heap after GC invocations=1 (full 0):
 PSYoungGen      total 18432K, used 2551K [0x00000000eab00000, 0x00000000ebf80000, 0x0000000100000000)
  eden space 15872K, 0% used [0x00000000eab00000,0x00000000eab00000,0x00000000eba80000)
  from space 2560K, 99% used [0x00000000eba80000,0x00000000ebcfdc78,0x00000000ebd00000)
  to   space 2560K, 0% used [0x00000000ebd00000,0x00000000ebd00000,0x00000000ebf80000)
 ParOldGen       total 42496K, used 1526K [0x00000000c0000000, 0x00000000c2980000, 0x00000000eab00000)
  object space 42496K, 3% used [0x00000000c0000000,0x00000000c017d958,0x00000000c2980000)
 Metaspace       used 5495K, capacity 6768K, committed 7040K, reserved 1056768K
  class space    used 549K, capacity 616K, committed 640K, reserved 1048576K
}
Event: 20.703 GC heap before
{Heap before GC invocations=2 (full 0):
 PSYoungGen      total 18432K, used 18423K [0x00000000eab00000, 0x00000000ebf80000, 0x0000000100000000)
  eden space 15872K, 100% used [0x00000000eab00000,0x00000000eba80000,0x00000000eba80000)
  from space 2560K, 99% used [0x00000000eba80000,0x00000000ebcfdc78,0x00000000ebd00000)
  to   space 2560K, 0% used [0x00000000ebd00000,0x00000000ebd00000,0x00000000ebf80000)
 ParOldGen       total 42496K, used 1526K [0x00000000c0000000, 0x00000000c2980000, 0x00000000eab00000)
  object space 42496K, 3% used [0x00000000c0000000,0x00000000c017d958,0x00000000c2980000)
 Metaspace       used 5751K, capacity 7024K, committed 7296K, reserved 1056768K
  class space    used 552K, capacity 616K, committed 640K, reserved 1048576K
Event: 20.813 GC heap after
Heap after GC invocations=2 (full 0):
 PSYoungGen      total 18432K, used 2535K [0x00000000eab00000, 0x00000000ecf00000, 0x0000000100000000)
  eden space 15872K, 0% used [0x00000000eab00000,0x00000000eab00000,0x00000000eba80000)
  from space 2560K, 99% used [0x00000000ebd00000,0x00000000ebf79c78,0x00000000ebf80000)
  to   space 2560K, 0% used [0x00000000eba80000,0x00000000eba80000,0x00000000ebd00000)
 ParOldGen       total 42496K, used 4127K [0x00000000c0000000, 0x00000000c2980000, 0x00000000eab00000)
  object space 42496K, 9% used [0x00000000c0000000,0x00000000c0407c08,0x00000000c2980000)
 Metaspace       used 5751K, capacity 7024K, committed 7296K, reserved 1056768K
  class space    used 552K, capacity 616K, committed 640K, reserved 1048576K
}

Deoptimization events (10 events):
Event: 16.213 Thread 0x0000000002de0800 Uncommon trap: reason=class_check action=maybe_recompile pc=0x00000000031a14f0 method=com.android.dx.ssa.NormalSsaInsn.accept(Lcom/android/dx/ssa/SsaInsn$Visitor;)V @ 9
Event: 16.213 Thread 0x0000000002de0800 Uncommon trap: reason=class_check action=maybe_recompile pc=0x00000000031a14f0 method=com.android.dx.ssa.NormalSsaInsn.accept(Lcom/android/dx/ssa/SsaInsn$Visitor;)V @ 9
Event: 16.226 Thread 0x0000000002de0800 Uncommon trap: reason=unstable_if action=reinterpret pc=0x000000000311fc70 method=java.util.BitSet.nextSetBit(I)I @ 87
Event: 17.079 Thread 0x0000000002de0800 Uncommon trap: reason=unstable_if action=reinterpret pc=0x000000000328169c method=com.android.dx.rop.cst.Constant.compareTo(Lcom/android/dx/rop/cst/Constant;)I @ 12
Event: 18.733 Thread 0x0000000002de0800 Uncommon trap: reason=unstable_if action=reinterpret pc=0x000000000328b4ac method=com.android.dx.rop.code.RegisterSpecSet.put(Lcom/android/dx/rop/code/RegisterSpec;)V @ 77
Event: 18.733 Thread 0x0000000002de0800 Uncommon trap: reason=unstable_if action=reinterpret pc=0x00000000032a255c method=com.android.dx.rop.code.RegisterSpecSet.put(Lcom/android/dx/rop/code/RegisterSpec;)V @ 77
Event: 20.184 Thread 0x0000000002de0800 Uncommon trap: reason=bimorphic action=maybe_recompile pc=0x0000000003447878 method=com.android.dx.cf.code.BytecodeArray.parseInstruction(ILcom/android/dx/cf/code/BytecodeArray$Visitor;)I @ 2281
Event: 20.188 Thread 0x0000000002de0800 Uncommon trap: reason=bimorphic action=maybe_recompile pc=0x0000000003447878 method=com.android.dx.cf.code.BytecodeArray.parseInstruction(ILcom/android/dx/cf/code/BytecodeArray$Visitor;)I @ 2281
Event: 22.517 Thread 0x0000000002de0800 Uncommon trap: reason=bimorphic action=maybe_recompile pc=0x0000000003447878 method=com.android.dx.cf.code.BytecodeArray.parseInstruction(ILcom/android/dx/cf/code/BytecodeArray$Visitor;)I @ 2281
Event: 22.518 Thread 0x0000000002de0800 Uncommon trap: reason=bimorphic action=maybe_recompile pc=0x0000000003447878 method=com.android.dx.cf.code.BytecodeArray.parseInstruction(ILcom/android/dx/cf/code/BytecodeArray$Visitor;)I @ 2281

Internal exceptions (2 events):
Event: 0.067 Thread 0x0000000002de0800 Exception <a 'java/lang/NoSuchMethodError': Method sun.misc.Unsafe.defineClass(Ljava/lang/String;[BII)Ljava/lang/Class; name or signature does not match> (0x00000000eab0d088) thrown at [C:\re\workspace\8-2-build-windows-amd64-cygwin\jdk8u51\3951\hotspot\sr∑‰Såj±?
Event: 0.067 Thread 0x0000000002de0800 Exception <a 'java/lang/NoSuchMethodError': Method sun.misc.Unsafe.prefetchRead(Ljava/lang/Object;J)V name or signature does not match> (0x00000000eab0d318) thrown at [C:\re\workspace\8-2-build-windows-amd64-cygwin\jdk8u51\3951\hotspot\src\share\vm\prims\j

Events (10 events):
Event: 20.703 Executing VM operation: ParallelGCFailedAllocation
Event: 20.813 Executing VM operation: ParallelGCFailedAllocation done
Event: 21.493 loading class com/android/dx/rop/code/RegisterSpec$1
Event: 21.493 loading class com/android/dx/rop/code/RegisterSpec$1 done
Event: 22.517 Thread 0x0000000002de0800 Uncommon trap: trap_request=0xffffffc6 fr.pc=0x0000000003447878
Event: 22.517 Thread 0x0000000002de0800 DEOPT PACKING pc=0x0000000003447878 sp=0x0000000002cdea60
Event: 22.517 Thread 0x0000000002de0800 DEOPT UNPACKING pc=0x0000000002f2582a sp=0x0000000002cde9f0 mode 2
Event: 22.518 Thread 0x0000000002de0800 Uncommon trap: trap_request=0xffffffc6 fr.pc=0x0000000003447878
Event: 22.518 Thread 0x0000000002de0800 DEOPT PACKING pc=0x0000000003447878 sp=0x0000000002cde820
Event: 22.518 Thread 0x0000000002de0800 DEOPT UNPACKING pc=0x0000000002f2582a sp=0x0000000002cde7b0 mode 2


Dynamic libraries:
0x00007ff770140000 - 0x00007ff770177000 	C:\Program Files\Java\jdk1.8.0_51\bin\java.exe
0x00007ff848ba0000 - 0x00007ff848d61000 	C:\Windows\SYSTEM32\ntdll.dll
0x00007ff8483e0000 - 0x00007ff84848d000 	C:\Windows\system32\KERNEL32.DLL
0x00007ff845670000 - 0x00007ff84584d000 	C:\Windows\system32\KERNELBASE.dll
0x0000000065b80000 - 0x0000000065c1f000 	D:\Program Files\Bitdefender\Antivirus Free Edition\avc3\avc3_sig_315\avcuf64.dll
0x00007ff848af0000 - 0x00007ff848b96000 	C:\Windows\system32\ADVAPI32.dll
0x00007ff846270000 - 0x00007ff84630d000 	C:\Windows\system32\msvcrt.dll
0x00007ff846c70000 - 0x00007ff846ccb000 	C:\Windows\system32\sechost.dll
0x00007ff8464a0000 - 0x00007ff8465c6000 	C:\Windows\system32\RPCRT4.dll
0x00007ff846350000 - 0x00007ff84649e000 	C:\Windows\system32\USER32.dll
0x00007ff848700000 - 0x00007ff848886000 	C:\Windows\system32\GDI32.dll
0x00007ff8389d0000 - 0x00007ff838c44000 	C:\Windows\WinSxS\amd64_microsoft.windows.common-controls_6595b64144ccf1df_6.0.10240.16384_none_f41f7b285750ef43\COMCTL32.dll
0x00007ff846310000 - 0x00007ff846346000 	C:\Windows\system32\IMM32.DLL
0x00007ff846930000 - 0x00007ff846a8c000 	C:\Windows\system32\MSCTF.dll
0x00000000648f0000 - 0x00000000649c2000 	C:\Program Files\Java\jdk1.8.0_51\jre\bin\msvcr100.dll
0x0000000064e50000 - 0x00000000656d3000 	C:\Program Files\Java\jdk1.8.0_51\jre\bin\server\jvm.dll
0x00007ff8482d0000 - 0x00007ff8482d8000 	C:\Windows\system32\PSAPI.DLL
0x00007ff83dc60000 - 0x00007ff83dc69000 	C:\Windows\SYSTEM32\WSOCK32.dll
0x00007ff848310000 - 0x00007ff848379000 	C:\Windows\system32\WS2_32.dll
0x00007ff846a90000 - 0x00007ff846a98000 	C:\Windows\system32\NSI.dll
0x00007ff843800000 - 0x00007ff843823000 	C:\Windows\SYSTEM32\WINMM.dll
0x00007ff843d90000 - 0x00007ff843d9a000 	C:\Windows\SYSTEM32\VERSION.dll
0x00007ff843780000 - 0x00007ff8437ac000 	C:\Windows\SYSTEM32\WINMMBASE.dll
0x00007ff845910000 - 0x00007ff845954000 	C:\Windows\system32\cfgmgr32.dll
0x00007ff843ea0000 - 0x00007ff843ec7000 	C:\Windows\SYSTEM32\DEVOBJ.dll
0x0000000064d60000 - 0x0000000064d6f000 	C:\Program Files\Java\jdk1.8.0_51\jre\bin\verify.dll
0x0000000064d30000 - 0x0000000064d59000 	C:\Program Files\Java\jdk1.8.0_51\jre\bin\java.dll
0x0000000064d10000 - 0x0000000064d26000 	C:\Program Files\Java\jdk1.8.0_51\jre\bin\zip.dll
0x00007ff846d40000 - 0x00007ff848262000 	C:\Windows\system32\SHELL32.dll
0x00007ff845c40000 - 0x00007ff846269000 	C:\Windows\system32\windows.storage.dll
0x00007ff8466b0000 - 0x00007ff84692c000 	C:\Windows\system32\combase.dll
0x00007ff848380000 - 0x00007ff8483d1000 	C:\Windows\system32\shlwapi.dll
0x00007ff845660000 - 0x00007ff84566f000 	C:\Windows\system32\kernel.appcore.dll
0x00007ff845850000 - 0x00007ff845903000 	C:\Windows\system32\shcore.dll
0x00007ff8455f0000 - 0x00007ff84563a000 	C:\Windows\system32\powrprof.dll
0x00007ff845640000 - 0x00007ff845653000 	C:\Windows\system32\profapi.dll

VM Arguments:
jvm_args: -Xmx1024M -Dfile.encoding=UTF-8 -Duser.country=US -Duser.language=en -Duser.variant 
java_command: com.android.dx.command.Main --dex --output D:\NEWS\trunk\app\build\intermediates\pre-dexed\debug\gson-2.3-c67cdfef8ecf5ed8a09161416f45b7c9a6062473.jar C:\Users\phuchieuct\.gradle\caches\modules-2\files-2.1\com.google.code.gson\gson\2.3\5fc52c41ef0239d1093a1eb7c3697036183677ce\gson-2.3.jar
java_class_path (initial): C:\Users\phuchieuct\AppData\Local\Android\sdk\build-tools\21.1.2\lib\dx.jar
Launcher Type: SUN_STANDARD

Environment Variables:
PATH=C:\ProgramData\Oracle\Java\javapath;C:\Windows\system32;C:\Windows;C:\Windows\System32\Wbem;C:\Windows\System32\WindowsPowerShell\v1.0\;C:\Program Files (x86)\Skype\Phone\;C:\Program Files (x86)\ATI Technologies\ATI.ACE\Core-Static;D:\Program Files\TortoiseSVN\bin;D:\Program Files\SlikSvn\bin
USERNAME=phuchieuct
OS=Windows_NT
PROCESSOR_IDENTIFIER=Intel64 Family 6 Model 37 Stepping 5, GenuineIntel



---------------  S Y S T E M  ---------------

OS: Windows 10.0 , 64 bit Build 10240 (10.0.10240.16384)

CPU:total 4 (2 cores per cpu, 2 threads per core) family 6 model 37 stepping 5, cmov, cx8, fxsr, mmx, sse, sse2, sse3, ssse3, sse4.1, sse4.2, popcnt, ht, tsc, tscinvbit

Memory: 4k page, physical 4053872k(82040k free), swap 6101872k(2748k free)

vm_info: Java HotSpot(TM) 64-Bit Server VM (25.51-b03) for windows-amd64 JRE (1.8.0_51-b16), built on Jun  8 2015 18:03:07 by "java_re" with MS VC++ 10.0 (VS2010)

time: Sun Aug 23 22:43:12 2015
elapsed time: 23 seconds (0d 0h 0m 23s)

