#
# There is insufficient memory for the Java Runtime Environment to continue.
# Native memory allocation (malloc) failed to allocate 409824 bytes for Chunk::new
# Possible reasons:
#   The system is out of physical RAM or swap space
#   In 32 bit mode, the process size limit was hit
# Possible solutions:
#   Reduce memory load on the system
#   Increase physical memory or swap space
#   Check if swap backing store is full
#   Use 64 bit Java on a 64 bit OS
#   Decrease Java heap size (-Xmx/-Xms)
#   Decrease number of Java threads
#   Decrease Java thread stack sizes (-Xss)
#   Set larger code cache with -XX:ReservedCodeCacheSize=
# This output file may be truncated or incomplete.
#
#  Out of Memory Error (allocation.cpp:390), pid=4864, tid=6576
#
# JRE version: Java(TM) SE Runtime Environment (8.0_51-b16) (build 1.8.0_51-b16)
# Java VM: Java HotSpot(TM) 64-Bit Server VM (25.51-b03 mixed mode windows-amd64 compressed oops)
# Failed to write core dump. Minidumps are not enabled by default on client versions of Windows
#

---------------  T H R E A D  ---------------

Current thread (0x000000001463c000):  JavaThread "C2 CompilerThread0" daemon [_thread_in_native, id=6576, stack(0x0000000015ba0000,0x0000000015ca0000)]

Stack: [0x0000000015ba0000,0x0000000015ca0000]
Native frames: (J=compiled Java code, j=interpreted, Vv=VM code, C=native code)
V  [jvm.dll+0x32b4ca]
V  [jvm.dll+0x2797e3]
V  [jvm.dll+0x27a479]
V  [jvm.dll+0x271765]
V  [jvm.dll+0xcba02]
V  [jvm.dll+0xcbecc]
V  [jvm.dll+0x492ad7]
V  [jvm.dll+0x45f98a]
V  [jvm.dll+0x46a7cb]
V  [jvm.dll+0x46cde2]
V  [jvm.dll+0x4501a2]
V  [jvm.dll+0xa43a2]
V  [jvm.dll+0xa4cdf]
V  [jvm.dll+0x2418a4]
V  [jvm.dll+0x29846a]
C  [msvcr100.dll+0x21d9f]
C  [msvcr100.dll+0x21e3b]
C  [KERNEL32.DLL+0x12d92]
C  [ntdll.dll+0x9f64]


Current CompileTask:
C2:  31050 1551       4       com.android.dx.ssa.SCCP::simulatePhi (169 bytes)


---------------  P R O C E S S  ---------------

Java Threads: ( => current thread )
  0x0000000015ea0800 JavaThread "Service Thread" daemon [_thread_blocked, id=5932, stack(0x00000000162a0000,0x00000000163a0000)]
  0x0000000014698800 JavaThread "C1 CompilerThread2" daemon [_thread_in_vm, id=6852, stack(0x0000000015da0000,0x0000000015ea0000)]
  0x000000001463f800 JavaThread "C2 CompilerThread1" daemon [_thread_in_native, id=2372, stack(0x0000000015ca0000,0x0000000015da0000)]
=>0x000000001463c000 JavaThread "C2 CompilerThread0" daemon [_thread_in_native, id=6576, stack(0x0000000015ba0000,0x0000000015ca0000)]
  0x000000001463a800 JavaThread "Attach Listener" daemon [_thread_blocked, id=6368, stack(0x0000000015aa0000,0x0000000015ba0000)]
  0x0000000014639800 JavaThread "Signal Dispatcher" daemon [_thread_blocked, id=1776, stack(0x00000000159a0000,0x0000000015aa0000)]
  0x0000000001f65800 JavaThread "Finalizer" daemon [_thread_blocked, id=7004, stack(0x00000000158a0000,0x00000000159a0000)]
  0x0000000001f5d000 JavaThread "Reference Handler" daemon [_thread_blocked, id=5084, stack(0x00000000157a0000,0x00000000158a0000)]
  0x0000000001e70800 JavaThread "main" [_thread_blocked, id=4284, stack(0x0000000001cc0000,0x0000000001dc0000)]

Other Threads:
  0x0000000014607000 VMThread [stack: 0x00000000156a0000,0x00000000157a0000] [id=1756]
  0x0000000015ea1000 WatcherThread [stack: 0x00000000163a0000,0x00000000164a0000] [id=4236]

VM state:synchronizing (normal execution)

VM Mutex/Monitor currently owned by a thread:  ([mutex/lock_event])
[0x000000000047bc80] Threads_lock - owner thread: 0x0000000014607000
[0x000000000047c400] Heap_lock - owner thread: 0x0000000001e70800

Heap:
 PSYoungGen      total 18432K, used 18432K [0x00000000eab00000, 0x00000000ecf00000, 0x0000000100000000)
  eden space 15872K, 100% used [0x00000000eab00000,0x00000000eba80000,0x00000000eba80000)
  from space 2560K, 100% used [0x00000000eba80000,0x00000000ebd00000,0x00000000ebd00000)
  to   space 2560K, 0% used [0x00000000ecc80000,0x00000000ecc80000,0x00000000ecf00000)
 ParOldGen       total 42496K, used 7374K [0x00000000c0000000, 0x00000000c2980000, 0x00000000eab00000)
  object space 42496K, 17% used [0x00000000c0000000,0x00000000c0733b18,0x00000000c2980000)
 Metaspace       used 5834K, capacity 7088K, committed 7296K, reserved 1056768K
  class space    used 557K, capacity 616K, committed 640K, reserved 1048576K

Card table byte_map: [0x0000000011330000,0x0000000011540000] byte_map_base: 0x0000000010d30000

Marking Bits: (ParMarkBitMap*) 0x0000000065654040
 Begin Bits: [0x0000000011aa0000, 0x0000000012aa0000)
 End Bits:   [0x0000000012aa0000, 0x0000000013aa0000)

Polling page: 0x0000000000440000

CodeCache: size=245760Kb used=6819Kb max_used=6819Kb free=238940Kb
 bounds [0x0000000001f70000, 0x0000000002620000, 0x0000000010f70000]
 total_blobs=1824 nmethods=1560 adapters=178
 compilation: enabled

Compilation events (10 events):
Event: 22.322 Thread 0x000000001463f800 nmethod 1516 0x0000000002618090 code [0x00000000026182e0, 0x00000000026197f0]
Event: 22.323 Thread 0x000000001463f800 1552       4       com.android.dx.util.BitIntSet$1::hasNext (13 bytes)
Event: 22.323 Thread 0x000000001463f800 nmethod 1552 0x00000000025af190 code [0x00000000025af2c0, 0x00000000025af338]
Event: 22.611 Thread 0x000000001463f800 1553   !   4       com.android.dx.cf.code.Ropper::processBlock (1101 bytes)
Event: 22.613 Thread 0x0000000014698800 1554       3       com.android.dx.cf.code.LocalVariableList$Item::matchesAllButType (53 bytes)
Event: 22.613 Thread 0x0000000014698800 nmethod 1554 0x0000000002612e10 code [0x0000000002612fa0, 0x0000000002613508]
Event: 22.613 Thread 0x0000000014698800 1555       3       java.lang.String::<init> (15 bytes)
Event: 22.614 Thread 0x0000000014698800 nmethod 1555 0x00000000026126d0 code [0x0000000002612860, 0x0000000002612c48]
Event: 22.614 Thread 0x0000000014698800 1556       3       com.android.dx.util.Hex::u2 (44 bytes)
Event: 22.615 Thread 0x0000000014698800 nmethod 1556 0x0000000002611bd0 code [0x0000000002611d80, 0x00000000026123f8]

GC Heap History (6 events):
Event: 16.687 GC heap before
{Heap before GC invocations=1 (full 0):
 PSYoungGen      total 18432K, used 15872K [0x00000000eab00000, 0x00000000ebf80000, 0x0000000100000000)
  eden space 15872K, 100% used [0x00000000eab00000,0x00000000eba80000,0x00000000eba80000)
  from space 2560K, 0% used [0x00000000ebd00000,0x00000000ebd00000,0x00000000ebf80000)
  to   space 2560K, 0% used [0x00000000eba80000,0x00000000eba80000,0x00000000ebd00000)
 ParOldGen       total 42496K, used 0K [0x00000000c0000000, 0x00000000c2980000, 0x00000000eab00000)
  object space 42496K, 0% used [0x00000000c0000000,0x00000000c0000000,0x00000000c2980000)
 Metaspace       used 5529K, capacity 6768K, committed 7040K, reserved 1056768K
  class space    used 552K, capacity 616K, committed 640K, reserved 1048576K
Event: 16.765 GC heap after
Heap after GC invocations=1 (full 0):
 PSYoungGen      total 18432K, used 2551K [0x00000000eab00000, 0x00000000ebf80000, 0x0000000100000000)
  eden space 15872K, 0% used [0x00000000eab00000,0x00000000eab00000,0x00000000eba80000)
  from space 2560K, 99% used [0x00000000eba80000,0x00000000ebcfdc78,0x00000000ebd00000)
  to   space 2560K, 0% used [0x00000000ebd00000,0x00000000ebd00000,0x00000000ebf80000)
 ParOldGen       total 42496K, used 1709K [0x00000000c0000000, 0x00000000c2980000, 0x00000000eab00000)
  object space 42496K, 4% used [0x00000000c0000000,0x00000000c01ab650,0x00000000c2980000)
 Metaspace       used 5529K, capacity 6768K, committed 7040K, reserved 1056768K
  class space    used 552K, capacity 616K, committed 640K, reserved 1048576K
}
Event: 18.784 GC heap before
{Heap before GC invocations=2 (full 0):
 PSYoungGen      total 18432K, used 18423K [0x00000000eab00000, 0x00000000ebf80000, 0x0000000100000000)
  eden space 15872K, 100% used [0x00000000eab00000,0x00000000eba80000,0x00000000eba80000)
  from space 2560K, 99% used [0x00000000eba80000,0x00000000ebcfdc78,0x00000000ebd00000)
  to   space 2560K, 0% used [0x00000000ebd00000,0x00000000ebd00000,0x00000000ebf80000)
 ParOldGen       total 42496K, used 1709K [0x00000000c0000000, 0x00000000c2980000, 0x00000000eab00000)
  object space 42496K, 4% used [0x00000000c0000000,0x00000000c01ab650,0x00000000c2980000)
 Metaspace       used 5732K, capacity 6960K, committed 7040K, reserved 1056768K
  class space    used 556K, capacity 616K, committed 640K, reserved 1048576K
Event: 18.863 GC heap after
Heap after GC invocations=2 (full 0):
 PSYoungGen      total 18432K, used 2545K [0x00000000eab00000, 0x00000000ecf00000, 0x0000000100000000)
  eden space 15872K, 0% used [0x00000000eab00000,0x00000000eab00000,0x00000000eba80000)
  from space 2560K, 99% used [0x00000000ebd00000,0x00000000ebf7c7b8,0x00000000ebf80000)
  to   space 2560K, 0% used [0x00000000eba80000,0x00000000eba80000,0x00000000ebd00000)
 ParOldGen       total 42496K, used 4371K [0x00000000c0000000, 0x00000000c2980000, 0x00000000eab00000)
  object space 42496K, 10% used [0x00000000c0000000,0x00000000c0444d08,0x00000000c2980000)
 Metaspace       used 5732K, capacity 6960K, committed 7040K, reserved 1056768K
  class space    used 556K, capacity 616K, committed 640K, reserved 1048576K
}
Event: 22.050 GC heap before
{Heap before GC invocations=3 (full 0):
 PSYoungGen      total 18432K, used 18417K [0x00000000eab00000, 0x00000000ecf00000, 0x0000000100000000)
  eden space 15872K, 100% used [0x00000000eab00000,0x00000000eba80000,0x00000000eba80000)
  from space 2560K, 99% used [0x00000000ebd00000,0x00000000ebf7c7b8,0x00000000ebf80000)
  to   space 2560K, 0% used [0x00000000eba80000,0x00000000eba80000,0x00000000ebd00000)
 ParOldGen       total 42496K, used 4371K [0x00000000c0000000, 0x00000000c2980000, 0x00000000eab00000)
  object space 42496K, 10% used [0x00000000c0000000,0x00000000c0444d08,0x00000000c2980000)
 Metaspace       used 5781K, capacity 7024K, committed 7296K, reserved 1056768K
  class space    used 557K, capacity 616K, committed 640K, reserved 1048576K
Event: 22.132 GC heap after
Heap after GC invocations=3 (full 0):
 PSYoungGen      total 18432K, used 2560K [0x00000000eab00000, 0x00000000ecf00000, 0x0000000100000000)
  eden space 15872K, 0% used [0x00000000eab00000,0x00000000eab00000,0x00000000eba80000)
  from space 2560K, 100% used [0x00000000eba80000,0x00000000ebd00000,0x00000000ebd00000)
  to   space 2560K, 0% used [0x00000000ecc80000,0x00000000ecc80000,0x00000000ecf00000)
 ParOldGen       total 42496K, used 7374K [0x00000000c0000000, 0x00000000c2980000, 0x00000000eab00000)
  object space 42496K, 17% used [0x00000000c0000000,0x00000000c0733b18,0x00000000c2980000)
 Metaspace       used 5781K, capacity 7024K, committed 7296K, reserved 1056768K
  class space    used 557K, capacity 616K, committed 640K, reserved 1048576K
}

Deoptimization events (8 events):
Event: 15.547 Thread 0x0000000001e70800 Uncommon trap: reason=unstable_if action=reinterpret pc=0x00000000021d62b0 method=java.util.BitSet.nextSetBit(I)I @ 87
Event: 16.785 Thread 0x0000000001e70800 Uncommon trap: reason=bimorphic action=maybe_recompile pc=0x0000000002207524 method=java.util.HashMap.getNode(ILjava/lang/Object;)Ljava/util/HashMap$Node; @ 126
Event: 16.785 Thread 0x0000000001e70800 Uncommon trap: reason=bimorphic action=maybe_recompile pc=0x0000000002207524 method=java.util.HashMap.getNode(ILjava/lang/Object;)Ljava/util/HashMap$Node; @ 126
Event: 16.785 Thread 0x0000000001e70800 Uncommon trap: reason=bimorphic action=maybe_recompile pc=0x0000000002207524 method=java.util.HashMap.getNode(ILjava/lang/Object;)Ljava/util/HashMap$Node; @ 126
Event: 16.785 Thread 0x0000000001e70800 Uncommon trap: reason=bimorphic action=maybe_recompile pc=0x0000000002207524 method=java.util.HashMap.getNode(ILjava/lang/Object;)Ljava/util/HashMap$Node; @ 126
Event: 16.785 Thread 0x0000000001e70800 Uncommon trap: reason=unstable_if action=reinterpret pc=0x000000000236b3dc method=com.android.dx.rop.cst.Constant.compareTo(Lcom/android/dx/rop/cst/Constant;)I @ 12
Event: 16.786 Thread 0x0000000001e70800 Uncommon trap: reason=bimorphic action=maybe_recompile pc=0x00000000021abbe4 method=java.util.HashMap.getNode(ILjava/lang/Object;)Ljava/util/HashMap$Node; @ 126
Event: 16.978 Thread 0x0000000001e70800 Uncommon trap: reason=unstable_if action=reinterpret pc=0x000000000238965c method=com.android.dx.rop.code.RegisterSpecSet.put(Lcom/android/dx/rop/code/RegisterSpec;)V @ 77

Internal exceptions (2 events):
Event: 0.067 Thread 0x0000000001e70800 Exception <a 'java/lang/NoSuchMethodError': Method sun.misc.Unsafe.defineClass(Ljava/lang/String;[BII)Ljava/lang/Class; name or signature does not match> (0x00000000eab0d040) thrown at [C:\re\workspace\8-2-build-windows-amd64-cygwin\jdk8u51\3951\hotspot\sr8hIê'±?
Event: 0.067 Thread 0x0000000001e70800 Exception <a 'java/lang/NoSuchMethodError': Method sun.misc.Unsafe.prefetchRead(Ljava/lang/Object;J)V name or signature does not match> (0x00000000eab0d2d0) thrown at [C:\re\workspace\8-2-build-windows-amd64-cygwin\jdk8u51\3951\hotspot\src\share\vm\prims\j

Events (10 events):
Event: 17.762 loading class com/android/dx/dex/file/UniformListItem
Event: 17.762 loading class com/android/dx/dex/file/UniformListItem done
Event: 17.763 loading class com/android/dx/dex/file/AnnotationSetRefItem
Event: 17.763 loading class com/android/dx/dex/file/AnnotationSetRefItem done
Event: 18.784 Executing VM operation: ParallelGCFailedAllocation
Event: 18.863 Executing VM operation: ParallelGCFailedAllocation done
Event: 19.719 loading class com/android/dx/rop/code/RegisterSpec$1
Event: 19.719 loading class com/android/dx/rop/code/RegisterSpec$1 done
Event: 22.049 Executing VM operation: ParallelGCFailedAllocation
Event: 22.132 Executing VM operation: ParallelGCFailedAllocation done


Dynamic libraries:
0x00007ff770140000 - 0x00007ff770177000 	C:\Program Files\Java\jdk1.8.0_51\bin\java.exe
0x00007ff848ba0000 - 0x00007ff848d61000 	C:\Windows\SYSTEM32\ntdll.dll
0x00007ff8483e0000 - 0x00007ff84848d000 	C:\Windows\system32\KERNEL32.DLL
0x00007ff845670000 - 0x00007ff84584d000 	C:\Windows\system32\KERNELBASE.dll
0x0000000065b80000 - 0x0000000065c1f000 	D:\Program Files\Bitdefender\Antivirus Free Edition\avc3\avc3_sig_315\avcuf64.dll
0x00007ff848af0000 - 0x00007ff848b96000 	C:\Windows\system32\ADVAPI32.dll
0x00007ff846270000 - 0x00007ff84630d000 	C:\Windows\system32\msvcrt.dll
0x00007ff846c70000 - 0x00007ff846ccb000 	C:\Windows\system32\sechost.dll
0x00007ff8464a0000 - 0x00007ff8465c6000 	C:\Windows\system32\RPCRT4.dll
0x00007ff846350000 - 0x00007ff84649e000 	C:\Windows\system32\USER32.dll
0x00007ff848700000 - 0x00007ff848886000 	C:\Windows\system32\GDI32.dll
0x00007ff8389d0000 - 0x00007ff838c44000 	C:\Windows\WinSxS\amd64_microsoft.windows.common-controls_6595b64144ccf1df_6.0.10240.16384_none_f41f7b285750ef43\COMCTL32.dll
0x00007ff846310000 - 0x00007ff846346000 	C:\Windows\system32\IMM32.DLL
0x00007ff846930000 - 0x00007ff846a8c000 	C:\Windows\system32\MSCTF.dll
0x00000000648f0000 - 0x00000000649c2000 	C:\Program Files\Java\jdk1.8.0_51\jre\bin\msvcr100.dll
0x0000000064e50000 - 0x00000000656d3000 	C:\Program Files\Java\jdk1.8.0_51\jre\bin\server\jvm.dll
0x00007ff8482d0000 - 0x00007ff8482d8000 	C:\Windows\system32\PSAPI.DLL
0x00007ff83dc60000 - 0x00007ff83dc69000 	C:\Windows\SYSTEM32\WSOCK32.dll
0x00007ff848310000 - 0x00007ff848379000 	C:\Windows\system32\WS2_32.dll
0x00007ff846a90000 - 0x00007ff846a98000 	C:\Windows\system32\NSI.dll
0x00007ff843800000 - 0x00007ff843823000 	C:\Windows\SYSTEM32\WINMM.dll
0x00007ff843d90000 - 0x00007ff843d9a000 	C:\Windows\SYSTEM32\VERSION.dll
0x00007ff843780000 - 0x00007ff8437ac000 	C:\Windows\SYSTEM32\WINMMBASE.dll
0x00007ff845910000 - 0x00007ff845954000 	C:\Windows\system32\cfgmgr32.dll
0x00007ff843ea0000 - 0x00007ff843ec7000 	C:\Windows\SYSTEM32\DEVOBJ.dll
0x0000000064d60000 - 0x0000000064d6f000 	C:\Program Files\Java\jdk1.8.0_51\jre\bin\verify.dll
0x0000000064d30000 - 0x0000000064d59000 	C:\Program Files\Java\jdk1.8.0_51\jre\bin\java.dll
0x0000000064d10000 - 0x0000000064d26000 	C:\Program Files\Java\jdk1.8.0_51\jre\bin\zip.dll
0x00007ff846d40000 - 0x00007ff848262000 	C:\Windows\system32\SHELL32.dll
0x00007ff845c40000 - 0x00007ff846269000 	C:\Windows\system32\windows.storage.dll
0x00007ff8466b0000 - 0x00007ff84692c000 	C:\Windows\system32\combase.dll
0x00007ff848380000 - 0x00007ff8483d1000 	C:\Windows\system32\shlwapi.dll
0x00007ff845660000 - 0x00007ff84566f000 	C:\Windows\system32\kernel.appcore.dll
0x00007ff845850000 - 0x00007ff845903000 	C:\Windows\system32\shcore.dll
0x00007ff8455f0000 - 0x00007ff84563a000 	C:\Windows\system32\powrprof.dll
0x00007ff845640000 - 0x00007ff845653000 	C:\Windows\system32\profapi.dll
0x00007ff843060000 - 0x00007ff8431ea000 	C:\Windows\SYSTEM32\dbghelp.dll

VM Arguments:
jvm_args: -Xmx1024M -Dfile.encoding=UTF-8 -Duser.country=US -Duser.language=en -Duser.variant 
java_command: com.android.dx.command.Main --dex --output D:\NEWS\trunk\app\build\intermediates\pre-dexed\debug\classes-418a95d58114e0934a92ec5b0ac784dee6057c85.jar D:\NEWS\trunk\app\build\intermediates\exploded-aar\com.android.support\support-v4\22.2.1\jars\classes.jar
java_class_path (initial): C:\Users\phuchieuct\AppData\Local\Android\sdk\build-tools\21.1.2\lib\dx.jar
Launcher Type: SUN_STANDARD

Environment Variables:
PATH=C:\ProgramData\Oracle\Java\javapath;C:\Windows\system32;C:\Windows;C:\Windows\System32\Wbem;C:\Windows\System32\WindowsPowerShell\v1.0\;C:\Program Files (x86)\Skype\Phone\;C:\Program Files (x86)\ATI Technologies\ATI.ACE\Core-Static;D:\Program Files\TortoiseSVN\bin;D:\Program Files\SlikSvn\bin
USERNAME=phuchieuct
OS=Windows_NT
PROCESSOR_IDENTIFIER=Intel64 Family 6 Model 37 Stepping 5, GenuineIntel



---------------  S Y S T E M  ---------------

OS: Windows 10.0 , 64 bit Build 10240 (10.0.10240.16384)

CPU:total 4 (2 cores per cpu, 2 threads per core) family 6 model 37 stepping 5, cmov, cx8, fxsr, mmx, sse, sse2, sse3, ssse3, sse4.1, sse4.2, popcnt, ht, tsc, tscinvbit

Memory: 4k page, physical 4053872k(127732k free), swap 6101872k(160444k free)

vm_info: Java HotSpot(TM) 64-Bit Server VM (25.51-b03) for windows-amd64 JRE (1.8.0_51-b16), built on Jun  8 2015 18:03:07 by "java_re" with MS VC++ 10.0 (VS2010)

time: Sun Aug 23 22:43:20 2015
elapsed time: 31 seconds (0d 0h 0m 31s)

