12:42:31.60 [Daemon worker Thread 2] INFO  o.a.AndroidAnnotationProcessor:84 - Initialize AndroidAnnotations 3.2 with options {}
12:42:31.115 [Daemon worker Thread 2] INFO  o.a.AndroidAnnotationProcessor:108 - Start processing for 1 annotations on 4 elements
12:42:31.119 [Daemon worker Thread 2] ERROR o.a.h.AndroidManifestFinder:134 - Could not find the AndroidManifest.xml file, going up from path [E:\android project\css-reader\News\app\build\generated\source\apt\debug] found using dummy file [] (max atempts: file:///E:/android%20project/css-reader/News/app/build/generated/source/apt/debug/dummy1420004551119)
12:42:31.119 [Daemon worker Thread 2] INFO  o.a.p.TimeStats:81 - Time measurements: [Whole Processing = 4 ms], [Extract Annotations = 2 ms], [Extract Manifest = 1 ms], 
12:42:31.120 [Daemon worker Thread 2] INFO  o.a.AndroidAnnotationProcessor:122 - Finish processing
12:42:53.911 [Daemon worker Thread 2] INFO  o.a.AndroidAnnotationProcessor:84 - Initialize AndroidAnnotations 3.2 with options {androidManifestFile=E:\android project\css-reader\News\app\build\intermediates\manifests\full\debug\AndroidManifest.xml, resourcePackageName=com.phuchieu.news}
12:42:53.965 [Daemon worker Thread 2] INFO  o.a.AndroidAnnotationProcessor:108 - Start processing for 1 annotations on 4 elements
12:42:53.969 [Daemon worker Thread 2] DEBUG o.a.h.AndroidManifestFinder:98 - AndroidManifest.xml file found with specified path: E:\android project\css-reader\News\app\build\intermediates\manifests\full\debug\AndroidManifest.xml
12:42:54.147 [Daemon worker Thread 2] INFO  o.a.AndroidAnnotationProcessor:171 - AndroidManifest.xml found: AndroidManifest [applicationPackage=com.phuchieu.news, componentQualifiedNames=[com.phuchieu.news.MainActivity_], permissionQualifiedNames=[], applicationClassName=null, libraryProject=false, debugabble=false, minSdkVersion=17, maxSdkVersion=-1, targetSdkVersion=21]
12:42:54.148 [Daemon worker Thread 2] INFO  o.a.r.ProjectRClassFinder:50 - Found project R class: com.phuchieu.news.R
12:42:54.213 [Daemon worker Thread 2] INFO  o.a.r.AndroidRClassFinder:44 - Found Android class: android.R
12:42:54.244 [Daemon worker Thread 2] INFO  o.a.p.ModelValidator:42 - Validating elements
12:42:54.245 [Daemon worker Thread 2] DEBUG o.a.p.ModelValidator:62 - Validating with EActivityHandler: [com.phuchieu.news.MainActivity]
12:42:54.284 [Daemon worker Thread 2] INFO  o.a.p.ModelProcessor:69 - Processing root elements
12:42:54.284 [Daemon worker Thread 2] DEBUG o.a.p.ModelProcessor:160 - Processing root elements EActivityHandler: [com.phuchieu.news.MainActivity]
12:42:54.304 [Daemon worker Thread 2] INFO  o.a.p.ModelProcessor:77 - Processing enclosed elements
12:42:54.305 [Daemon worker Thread 2] INFO  o.a.AndroidAnnotationProcessor:250 - Number of files generated by AndroidAnnotations: 1
12:42:54.306 [Daemon worker Thread 2] INFO  o.a.g.ApiCodeGenerator:52 - Writting following API classes in project: []
12:42:54.307 [Daemon worker Thread 2] DEBUG o.a.g.SourceCodewriter:55 - Generating class: com.phuchieu.news.MainActivity_
12:42:54.324 [Daemon worker Thread 2] INFO  o.a.p.TimeStats:81 - Time measurements: [Whole Processing = 359 ms], [Extract Manifest = 179 ms], [Find R Classes = 90 ms], [Validate Annotations = 34 ms], [Process Annotations = 26 ms], [Generate Sources = 20 ms], [Extract Annotations = 2 ms], 
12:42:54.324 [Daemon worker Thread 2] INFO  o.a.AndroidAnnotationProcessor:122 - Finish processing
12:43:12.224 [Daemon worker Thread 2] INFO  o.a.AndroidAnnotationProcessor:84 - Initialize AndroidAnnotations 3.2 with options {androidManifestFile=E:\android project\css-reader\News\app\build\intermediates\manifests\full\release\AndroidManifest.xml, resourcePackageName=com.phuchieu.news}
12:43:12.300 [Daemon worker Thread 2] INFO  o.a.AndroidAnnotationProcessor:108 - Start processing for 1 annotations on 4 elements
12:43:12.305 [Daemon worker Thread 2] DEBUG o.a.h.AndroidManifestFinder:98 - AndroidManifest.xml file found with specified path: E:\android project\css-reader\News\app\build\intermediates\manifests\full\release\AndroidManifest.xml
12:43:12.310 [Daemon worker Thread 2] INFO  o.a.AndroidAnnotationProcessor:171 - AndroidManifest.xml found: AndroidManifest [applicationPackage=com.phuchieu.news, componentQualifiedNames=[com.phuchieu.news.MainActivity_], permissionQualifiedNames=[], applicationClassName=null, libraryProject=false, debugabble=false, minSdkVersion=17, maxSdkVersion=-1, targetSdkVersion=21]
12:43:12.311 [Daemon worker Thread 2] INFO  o.a.r.ProjectRClassFinder:50 - Found project R class: com.phuchieu.news.R
12:43:12.315 [Daemon worker Thread 2] INFO  o.a.r.AndroidRClassFinder:44 - Found Android class: android.R
12:43:12.328 [Daemon worker Thread 2] INFO  o.a.p.ModelValidator:42 - Validating elements
12:43:12.329 [Daemon worker Thread 2] DEBUG o.a.p.ModelValidator:62 - Validating with EActivityHandler: [com.phuchieu.news.MainActivity]
12:43:12.338 [Daemon worker Thread 2] INFO  o.a.p.ModelProcessor:69 - Processing root elements
12:43:12.338 [Daemon worker Thread 2] DEBUG o.a.p.ModelProcessor:160 - Processing root elements EActivityHandler: [com.phuchieu.news.MainActivity]
12:43:12.361 [Daemon worker Thread 2] INFO  o.a.p.ModelProcessor:77 - Processing enclosed elements
12:43:12.362 [Daemon worker Thread 2] INFO  o.a.AndroidAnnotationProcessor:250 - Number of files generated by AndroidAnnotations: 1
12:43:12.364 [Daemon worker Thread 2] INFO  o.a.g.ApiCodeGenerator:52 - Writting following API classes in project: []
12:43:12.365 [Daemon worker Thread 2] DEBUG o.a.g.SourceCodewriter:55 - Generating class: com.phuchieu.news.MainActivity_
12:43:12.384 [Daemon worker Thread 2] INFO  o.a.p.TimeStats:81 - Time measurements: [Whole Processing = 84 ms], [Process Annotations = 31 ms], [Generate Sources = 22 ms], [Find R Classes = 11 ms], [Extract Manifest = 6 ms], [Extract Annotations = 3 ms], [Validate Annotations = 3 ms], 
12:43:12.385 [Daemon worker Thread 2] INFO  o.a.AndroidAnnotationProcessor:122 - Finish processing
12:44:46.343 [Daemon worker Thread 2] INFO  o.a.AndroidAnnotationProcessor:84 - Initialize AndroidAnnotations 3.2 with options {androidManifestFile=E:\android project\css-reader\News\app\build\intermediates\manifests\full\debug\AndroidManifest.xml, resourcePackageName=com.phuchieu.news}
12:44:46.402 [Daemon worker Thread 2] INFO  o.a.AndroidAnnotationProcessor:108 - Start processing for 1 annotations on 4 elements
12:44:46.406 [Daemon worker Thread 2] DEBUG o.a.h.AndroidManifestFinder:98 - AndroidManifest.xml file found with specified path: E:\android project\css-reader\News\app\build\intermediates\manifests\full\debug\AndroidManifest.xml
12:44:46.410 [Daemon worker Thread 2] INFO  o.a.AndroidAnnotationProcessor:171 - AndroidManifest.xml found: AndroidManifest [applicationPackage=com.phuchieu.news, componentQualifiedNames=[com.phuchieu.news.MainActivity_], permissionQualifiedNames=[], applicationClassName=null, libraryProject=false, debugabble=false, minSdkVersion=17, maxSdkVersion=-1, targetSdkVersion=21]
12:44:46.411 [Daemon worker Thread 2] INFO  o.a.r.ProjectRClassFinder:50 - Found project R class: com.phuchieu.news.R
12:44:46.414 [Daemon worker Thread 2] INFO  o.a.r.AndroidRClassFinder:44 - Found Android class: android.R
12:44:46.428 [Daemon worker Thread 2] INFO  o.a.p.ModelValidator:42 - Validating elements
12:44:46.428 [Daemon worker Thread 2] DEBUG o.a.p.ModelValidator:62 - Validating with EActivityHandler: [com.phuchieu.news.MainActivity]
12:44:46.439 [Daemon worker Thread 2] INFO  o.a.p.ModelProcessor:69 - Processing root elements
12:44:46.439 [Daemon worker Thread 2] DEBUG o.a.p.ModelProcessor:160 - Processing root elements EActivityHandler: [com.phuchieu.news.MainActivity]
12:44:46.463 [Daemon worker Thread 2] INFO  o.a.p.ModelProcessor:77 - Processing enclosed elements
12:44:46.464 [Daemon worker Thread 2] INFO  o.a.AndroidAnnotationProcessor:250 - Number of files generated by AndroidAnnotations: 1
12:44:46.465 [Daemon worker Thread 2] INFO  o.a.g.ApiCodeGenerator:52 - Writting following API classes in project: []
12:44:46.467 [Daemon worker Thread 2] DEBUG o.a.g.SourceCodewriter:55 - Generating class: com.phuchieu.news.MainActivity_
12:44:46.478 [Daemon worker Thread 2] INFO  o.a.p.TimeStats:81 - Time measurements: [Whole Processing = 76 ms], [Process Annotations = 33 ms], [Generate Sources = 14 ms], [Find R Classes = 11 ms], [Extract Manifest = 5 ms], [Validate Annotations = 4 ms], [Extract Annotations = 2 ms], 
12:44:46.479 [Daemon worker Thread 2] INFO  o.a.AndroidAnnotationProcessor:122 - Finish processing
12:44:48.538 [Daemon worker Thread 2] INFO  o.a.AndroidAnnotationProcessor:84 - Initialize AndroidAnnotations 3.2 with options {androidManifestFile=E:\android project\css-reader\News\app\build\intermediates\manifests\full\release\AndroidManifest.xml, resourcePackageName=com.phuchieu.news}
12:44:48.592 [Daemon worker Thread 2] INFO  o.a.AndroidAnnotationProcessor:108 - Start processing for 1 annotations on 4 elements
12:44:48.595 [Daemon worker Thread 2] DEBUG o.a.h.AndroidManifestFinder:98 - AndroidManifest.xml file found with specified path: E:\android project\css-reader\News\app\build\intermediates\manifests\full\release\AndroidManifest.xml
12:44:48.598 [Daemon worker Thread 2] INFO  o.a.AndroidAnnotationProcessor:171 - AndroidManifest.xml found: AndroidManifest [applicationPackage=com.phuchieu.news, componentQualifiedNames=[com.phuchieu.news.MainActivity_], permissionQualifiedNames=[], applicationClassName=null, libraryProject=false, debugabble=false, minSdkVersion=17, maxSdkVersion=-1, targetSdkVersion=21]
12:44:48.598 [Daemon worker Thread 2] INFO  o.a.r.ProjectRClassFinder:50 - Found project R class: com.phuchieu.news.R
12:44:48.602 [Daemon worker Thread 2] INFO  o.a.r.AndroidRClassFinder:44 - Found Android class: android.R
12:44:48.613 [Daemon worker Thread 2] INFO  o.a.p.ModelValidator:42 - Validating elements
12:44:48.614 [Daemon worker Thread 2] DEBUG o.a.p.ModelValidator:62 - Validating with EActivityHandler: [com.phuchieu.news.MainActivity]
12:44:48.623 [Daemon worker Thread 2] INFO  o.a.p.ModelProcessor:69 - Processing root elements
12:44:48.623 [Daemon worker Thread 2] DEBUG o.a.p.ModelProcessor:160 - Processing root elements EActivityHandler: [com.phuchieu.news.MainActivity]
12:44:48.642 [Daemon worker Thread 2] INFO  o.a.p.ModelProcessor:77 - Processing enclosed elements
12:44:48.643 [Daemon worker Thread 2] INFO  o.a.AndroidAnnotationProcessor:250 - Number of files generated by AndroidAnnotations: 1
12:44:48.644 [Daemon worker Thread 2] INFO  o.a.g.ApiCodeGenerator:52 - Writting following API classes in project: []
12:44:48.645 [Daemon worker Thread 2] DEBUG o.a.g.SourceCodewriter:55 - Generating class: com.phuchieu.news.MainActivity_
12:44:48.656 [Daemon worker Thread 2] INFO  o.a.p.TimeStats:81 - Time measurements: [Whole Processing = 64 ms], [Process Annotations = 27 ms], [Generate Sources = 13 ms], [Find R Classes = 9 ms], [Extract Manifest = 4 ms], [Validate Annotations = 3 ms], [Extract Annotations = 2 ms], 
12:44:48.656 [Daemon worker Thread 2] INFO  o.a.AndroidAnnotationProcessor:122 - Finish processing
12:46:14.826 [Daemon worker Thread 2] INFO  o.a.AndroidAnnotationProcessor:84 - Initialize AndroidAnnotations 3.2 with options {androidManifestFile=E:\android project\css-reader\News\app\build\intermediates\manifests\full\debug\AndroidManifest.xml, resourcePackageName=com.phuchieu.news}
12:46:14.888 [Daemon worker Thread 2] INFO  o.a.AndroidAnnotationProcessor:108 - Start processing for 1 annotations on 4 elements
12:46:14.895 [Daemon worker Thread 2] DEBUG o.a.h.AndroidManifestFinder:98 - AndroidManifest.xml file found with specified path: E:\android project\css-reader\News\app\build\intermediates\manifests\full\debug\AndroidManifest.xml
12:46:14.899 [Daemon worker Thread 2] INFO  o.a.AndroidAnnotationProcessor:171 - AndroidManifest.xml found: AndroidManifest [applicationPackage=com.phuchieu.news, componentQualifiedNames=[com.phuchieu.news.MainActivity_], permissionQualifiedNames=[], applicationClassName=null, libraryProject=false, debugabble=false, minSdkVersion=17, maxSdkVersion=-1, targetSdkVersion=21]
12:46:14.899 [Daemon worker Thread 2] INFO  o.a.r.ProjectRClassFinder:50 - Found project R class: com.phuchieu.news.R
12:46:14.903 [Daemon worker Thread 2] INFO  o.a.r.AndroidRClassFinder:44 - Found Android class: android.R
12:46:14.916 [Daemon worker Thread 2] INFO  o.a.p.ModelValidator:42 - Validating elements
12:46:14.917 [Daemon worker Thread 2] DEBUG o.a.p.ModelValidator:62 - Validating with EActivityHandler: [com.phuchieu.news.MainActivity]
12:46:14.927 [Daemon worker Thread 2] INFO  o.a.p.ModelProcessor:69 - Processing root elements
12:46:14.927 [Daemon worker Thread 2] DEBUG o.a.p.ModelProcessor:160 - Processing root elements EActivityHandler: [com.phuchieu.news.MainActivity]
12:46:14.950 [Daemon worker Thread 2] INFO  o.a.p.ModelProcessor:77 - Processing enclosed elements
12:46:14.951 [Daemon worker Thread 2] INFO  o.a.AndroidAnnotationProcessor:250 - Number of files generated by AndroidAnnotations: 1
12:46:14.953 [Daemon worker Thread 2] INFO  o.a.g.ApiCodeGenerator:52 - Writting following API classes in project: []
12:46:14.954 [Daemon worker Thread 2] DEBUG o.a.g.SourceCodewriter:55 - Generating class: com.phuchieu.news.MainActivity_
12:46:14.966 [Daemon worker Thread 2] INFO  o.a.p.TimeStats:81 - Time measurements: [Whole Processing = 78 ms], [Process Annotations = 32 ms], [Generate Sources = 15 ms], [Find R Classes = 10 ms], [Extract Manifest = 8 ms], [Extract Annotations = 3 ms], [Validate Annotations = 3 ms], 
12:46:14.966 [Daemon worker Thread 2] INFO  o.a.AndroidAnnotationProcessor:122 - Finish processing
12:46:16.835 [Daemon worker Thread 2] INFO  o.a.AndroidAnnotationProcessor:84 - Initialize AndroidAnnotations 3.2 with options {androidManifestFile=E:\android project\css-reader\News\app\build\intermediates\manifests\full\release\AndroidManifest.xml, resourcePackageName=com.phuchieu.news}
12:46:16.889 [Daemon worker Thread 2] INFO  o.a.AndroidAnnotationProcessor:108 - Start processing for 1 annotations on 4 elements
12:46:16.893 [Daemon worker Thread 2] DEBUG o.a.h.AndroidManifestFinder:98 - AndroidManifest.xml file found with specified path: E:\android project\css-reader\News\app\build\intermediates\manifests\full\release\AndroidManifest.xml
12:46:16.896 [Daemon worker Thread 2] INFO  o.a.AndroidAnnotationProcessor:171 - AndroidManifest.xml found: AndroidManifest [applicationPackage=com.phuchieu.news, componentQualifiedNames=[com.phuchieu.news.MainActivity_], permissionQualifiedNames=[], applicationClassName=null, libraryProject=false, debugabble=false, minSdkVersion=17, maxSdkVersion=-1, targetSdkVersion=21]
12:46:16.896 [Daemon worker Thread 2] INFO  o.a.r.ProjectRClassFinder:50 - Found project R class: com.phuchieu.news.R
12:46:16.899 [Daemon worker Thread 2] INFO  o.a.r.AndroidRClassFinder:44 - Found Android class: android.R
12:46:16.911 [Daemon worker Thread 2] INFO  o.a.p.ModelValidator:42 - Validating elements
12:46:16.911 [Daemon worker Thread 2] DEBUG o.a.p.ModelValidator:62 - Validating with EActivityHandler: [com.phuchieu.news.MainActivity]
12:46:16.921 [Daemon worker Thread 2] INFO  o.a.p.ModelProcessor:69 - Processing root elements
12:46:16.921 [Daemon worker Thread 2] DEBUG o.a.p.ModelProcessor:160 - Processing root elements EActivityHandler: [com.phuchieu.news.MainActivity]
12:46:16.941 [Daemon worker Thread 2] INFO  o.a.p.ModelProcessor:77 - Processing enclosed elements
12:46:16.942 [Daemon worker Thread 2] INFO  o.a.AndroidAnnotationProcessor:250 - Number of files generated by AndroidAnnotations: 1
12:46:16.943 [Daemon worker Thread 2] INFO  o.a.g.ApiCodeGenerator:52 - Writting following API classes in project: []
12:46:16.944 [Daemon worker Thread 2] DEBUG o.a.g.SourceCodewriter:55 - Generating class: com.phuchieu.news.MainActivity_
12:46:16.955 [Daemon worker Thread 2] INFO  o.a.p.TimeStats:81 - Time measurements: [Whole Processing = 66 ms], [Process Annotations = 29 ms], [Generate Sources = 13 ms], [Find R Classes = 9 ms], [Extract Manifest = 4 ms], [Validate Annotations = 3 ms], [Extract Annotations = 1 ms], 
12:46:16.955 [Daemon worker Thread 2] INFO  o.a.AndroidAnnotationProcessor:122 - Finish processing
12:49:36.307 [Daemon worker Thread 4] INFO  o.a.AndroidAnnotationProcessor:84 - Initialize AndroidAnnotations 3.2 with options {androidManifestFile=E:\android project\css-reader\News\app\build\intermediates\manifests\full\debug\AndroidManifest.xml, resourcePackageName=com.phuchieu.news}
12:49:36.367 [Daemon worker Thread 4] INFO  o.a.AndroidAnnotationProcessor:108 - Start processing for 2 annotations on 4 elements
12:49:36.371 [Daemon worker Thread 4] DEBUG o.a.h.AndroidManifestFinder:98 - AndroidManifest.xml file found with specified path: E:\android project\css-reader\News\app\build\intermediates\manifests\full\debug\AndroidManifest.xml
12:49:36.374 [Daemon worker Thread 4] INFO  o.a.AndroidAnnotationProcessor:171 - AndroidManifest.xml found: AndroidManifest [applicationPackage=com.phuchieu.news, componentQualifiedNames=[com.phuchieu.news.MainActivity_], permissionQualifiedNames=[], applicationClassName=null, libraryProject=false, debugabble=false, minSdkVersion=17, maxSdkVersion=-1, targetSdkVersion=21]
12:49:36.375 [Daemon worker Thread 4] INFO  o.a.r.ProjectRClassFinder:50 - Found project R class: com.phuchieu.news.R
12:49:36.379 [Daemon worker Thread 4] INFO  o.a.r.AndroidRClassFinder:44 - Found Android class: android.R
12:49:36.391 [Daemon worker Thread 4] INFO  o.a.p.ModelValidator:42 - Validating elements
12:49:36.391 [Daemon worker Thread 4] DEBUG o.a.p.ModelValidator:62 - Validating with EActivityHandler: [com.phuchieu.news.MainActivity]
12:49:36.394 [Daemon worker Thread 4] DEBUG o.a.p.ModelValidator:62 - Validating with AfterExtrasHandler: [afterExtra()]
12:49:36.401 [Daemon worker Thread 4] INFO  o.a.p.ModelProcessor:69 - Processing root elements
12:49:36.402 [Daemon worker Thread 4] DEBUG o.a.p.ModelProcessor:160 - Processing root elements EActivityHandler: [com.phuchieu.news.MainActivity]
12:49:36.422 [Daemon worker Thread 4] INFO  o.a.p.ModelProcessor:77 - Processing enclosed elements
12:49:36.423 [Daemon worker Thread 4] INFO  o.a.AndroidAnnotationProcessor:250 - Number of files generated by AndroidAnnotations: 1
12:49:36.424 [Daemon worker Thread 4] INFO  o.a.g.ApiCodeGenerator:52 - Writting following API classes in project: []
12:49:36.426 [Daemon worker Thread 4] DEBUG o.a.g.SourceCodewriter:55 - Generating class: com.phuchieu.news.MainActivity_
12:49:36.437 [Daemon worker Thread 4] INFO  o.a.p.TimeStats:81 - Time measurements: [Whole Processing = 70 ms], [Process Annotations = 28 ms], [Generate Sources = 14 ms], [Find R Classes = 9 ms], [Validate Annotations = 5 ms], [Extract Manifest = 4 ms], [Extract Annotations = 2 ms], 
12:49:36.438 [Daemon worker Thread 4] INFO  o.a.AndroidAnnotationProcessor:122 - Finish processing
12:50:15.986 [Daemon worker Thread 4] INFO  o.a.AndroidAnnotationProcessor:84 - Initialize AndroidAnnotations 3.2 with options {androidManifestFile=E:\android project\css-reader\News\app\build\intermediates\manifests\full\debug\AndroidManifest.xml, resourcePackageName=com.phuchieu.news}
12:50:16.39 [Daemon worker Thread 4] INFO  o.a.AndroidAnnotationProcessor:108 - Start processing for 2 annotations on 4 elements
12:50:16.42 [Daemon worker Thread 4] DEBUG o.a.h.AndroidManifestFinder:98 - AndroidManifest.xml file found with specified path: E:\android project\css-reader\News\app\build\intermediates\manifests\full\debug\AndroidManifest.xml
12:50:16.45 [Daemon worker Thread 4] INFO  o.a.AndroidAnnotationProcessor:171 - AndroidManifest.xml found: AndroidManifest [applicationPackage=com.phuchieu.news, componentQualifiedNames=[com.phuchieu.news.MainActivity_], permissionQualifiedNames=[], applicationClassName=null, libraryProject=false, debugabble=false, minSdkVersion=17, maxSdkVersion=-1, targetSdkVersion=21]
12:50:16.46 [Daemon worker Thread 4] INFO  o.a.r.ProjectRClassFinder:50 - Found project R class: com.phuchieu.news.R
12:50:16.49 [Daemon worker Thread 4] INFO  o.a.r.AndroidRClassFinder:44 - Found Android class: android.R
12:50:16.61 [Daemon worker Thread 4] INFO  o.a.p.ModelValidator:42 - Validating elements
12:50:16.61 [Daemon worker Thread 4] DEBUG o.a.p.ModelValidator:62 - Validating with EActivityHandler: [com.phuchieu.news.MainActivity]
12:50:16.64 [Daemon worker Thread 4] DEBUG o.a.p.ModelValidator:62 - Validating with AfterViewsHandler: [afterExtra()]
12:50:16.71 [Daemon worker Thread 4] INFO  o.a.p.ModelProcessor:69 - Processing root elements
12:50:16.71 [Daemon worker Thread 4] DEBUG o.a.p.ModelProcessor:160 - Processing root elements EActivityHandler: [com.phuchieu.news.MainActivity]
12:50:16.90 [Daemon worker Thread 4] INFO  o.a.p.ModelProcessor:77 - Processing enclosed elements
12:50:16.91 [Daemon worker Thread 4] INFO  o.a.AndroidAnnotationProcessor:250 - Number of files generated by AndroidAnnotations: 1
12:50:16.93 [Daemon worker Thread 4] INFO  o.a.g.ApiCodeGenerator:52 - Writting following API classes in project: []
12:50:16.94 [Daemon worker Thread 4] DEBUG o.a.g.SourceCodewriter:55 - Generating class: com.phuchieu.news.MainActivity_
12:50:16.105 [Daemon worker Thread 4] INFO  o.a.p.TimeStats:81 - Time measurements: [Whole Processing = 65 ms], [Process Annotations = 27 ms], [Generate Sources = 13 ms], [Find R Classes = 8 ms], [Extract Manifest = 4 ms], [Validate Annotations = 4 ms], [Extract Annotations = 2 ms], 
12:50:16.105 [Daemon worker Thread 4] INFO  o.a.AndroidAnnotationProcessor:122 - Finish processing
12:52:38.874 [Daemon worker Thread 5] INFO  o.a.AndroidAnnotationProcessor:84 - Initialize AndroidAnnotations 3.2 with options {androidManifestFile=E:\android project\css-reader\News\app\build\intermediates\manifests\full\debug\AndroidManifest.xml, resourcePackageName=com.phuchieu.news}
12:52:38.932 [Daemon worker Thread 5] INFO  o.a.AndroidAnnotationProcessor:108 - Start processing for 2 annotations on 4 elements
12:52:38.935 [Daemon worker Thread 5] DEBUG o.a.h.AndroidManifestFinder:98 - AndroidManifest.xml file found with specified path: E:\android project\css-reader\News\app\build\intermediates\manifests\full\debug\AndroidManifest.xml
12:52:38.939 [Daemon worker Thread 5] INFO  o.a.AndroidAnnotationProcessor:171 - AndroidManifest.xml found: AndroidManifest [applicationPackage=com.phuchieu.news, componentQualifiedNames=[com.phuchieu.news.MainActivity_], permissionQualifiedNames=[], applicationClassName=null, libraryProject=false, debugabble=false, minSdkVersion=17, maxSdkVersion=-1, targetSdkVersion=21]
12:52:38.944 [Daemon worker Thread 5] INFO  o.a.r.ProjectRClassFinder:50 - Found project R class: com.phuchieu.news.R
12:52:38.949 [Daemon worker Thread 5] INFO  o.a.r.AndroidRClassFinder:44 - Found Android class: android.R
12:52:39.9 [Daemon worker Thread 5] INFO  o.a.p.ModelValidator:42 - Validating elements
12:52:39.10 [Daemon worker Thread 5] DEBUG o.a.p.ModelValidator:62 - Validating with EActivityHandler: [com.phuchieu.news.MainActivity]
12:52:39.12 [Daemon worker Thread 5] DEBUG o.a.p.ModelValidator:62 - Validating with AfterViewsHandler: [afterExtra()]
12:52:39.19 [Daemon worker Thread 5] INFO  o.a.p.ModelProcessor:69 - Processing root elements
12:52:39.20 [Daemon worker Thread 5] DEBUG o.a.p.ModelProcessor:160 - Processing root elements EActivityHandler: [com.phuchieu.news.MainActivity]
12:52:39.42 [Daemon worker Thread 5] INFO  o.a.p.ModelProcessor:77 - Processing enclosed elements
12:52:39.43 [Daemon worker Thread 5] INFO  o.a.AndroidAnnotationProcessor:250 - Number of files generated by AndroidAnnotations: 1
12:52:39.44 [Daemon worker Thread 5] INFO  o.a.g.ApiCodeGenerator:52 - Writting following API classes in project: []
12:52:39.46 [Daemon worker Thread 5] DEBUG o.a.g.SourceCodewriter:55 - Generating class: com.phuchieu.news.MainActivity_
12:52:39.57 [Daemon worker Thread 5] INFO  o.a.p.TimeStats:81 - Time measurements: [Whole Processing = 126 ms], [Find R Classes = 63 ms], [Process Annotations = 30 ms], [Generate Sources = 14 ms], [Extract Manifest = 5 ms], [Validate Annotations = 4 ms], [Extract Annotations = 2 ms], 
12:52:39.57 [Daemon worker Thread 5] INFO  o.a.AndroidAnnotationProcessor:122 - Finish processing
12:53:43.619 [Daemon worker Thread 5] INFO  o.a.AndroidAnnotationProcessor:84 - Initialize AndroidAnnotations 3.2 with options {androidManifestFile=E:\android project\css-reader\News\app\build\intermediates\manifests\full\debug\AndroidManifest.xml, resourcePackageName=com.phuchieu.news}
12:53:43.670 [Daemon worker Thread 5] INFO  o.a.AndroidAnnotationProcessor:108 - Start processing for 2 annotations on 4 elements
12:53:43.673 [Daemon worker Thread 5] DEBUG o.a.h.AndroidManifestFinder:98 - AndroidManifest.xml file found with specified path: E:\android project\css-reader\News\app\build\intermediates\manifests\full\debug\AndroidManifest.xml
12:53:43.676 [Daemon worker Thread 5] INFO  o.a.AndroidAnnotationProcessor:171 - AndroidManifest.xml found: AndroidManifest [applicationPackage=com.phuchieu.news, componentQualifiedNames=[com.phuchieu.news.MainActivity_], permissionQualifiedNames=[], applicationClassName=null, libraryProject=false, debugabble=false, minSdkVersion=17, maxSdkVersion=-1, targetSdkVersion=21]
12:53:43.677 [Daemon worker Thread 5] INFO  o.a.r.ProjectRClassFinder:50 - Found project R class: com.phuchieu.news.R
12:53:43.680 [Daemon worker Thread 5] INFO  o.a.r.AndroidRClassFinder:44 - Found Android class: android.R
12:53:43.691 [Daemon worker Thread 5] INFO  o.a.p.ModelValidator:42 - Validating elements
12:53:43.692 [Daemon worker Thread 5] DEBUG o.a.p.ModelValidator:62 - Validating with EActivityHandler: [com.phuchieu.news.MainActivity]
12:53:43.696 [Daemon worker Thread 5] DEBUG o.a.p.ModelValidator:62 - Validating with AfterViewsHandler: [afterExtra()]
12:53:43.703 [Daemon worker Thread 5] INFO  o.a.p.ModelProcessor:69 - Processing root elements
12:53:43.703 [Daemon worker Thread 5] DEBUG o.a.p.ModelProcessor:160 - Processing root elements EActivityHandler: [com.phuchieu.news.MainActivity]
12:53:43.721 [Daemon worker Thread 5] INFO  o.a.p.ModelProcessor:77 - Processing enclosed elements
12:53:43.722 [Daemon worker Thread 5] INFO  o.a.AndroidAnnotationProcessor:250 - Number of files generated by AndroidAnnotations: 1
12:53:43.724 [Daemon worker Thread 5] INFO  o.a.g.ApiCodeGenerator:52 - Writting following API classes in project: []
12:53:43.725 [Daemon worker Thread 5] DEBUG o.a.g.SourceCodewriter:55 - Generating class: com.phuchieu.news.MainActivity_
12:53:43.735 [Daemon worker Thread 5] INFO  o.a.p.TimeStats:81 - Time measurements: [Whole Processing = 65 ms], [Process Annotations = 26 ms], [Generate Sources = 13 ms], [Find R Classes = 8 ms], [Validate Annotations = 5 ms], [Extract Manifest = 4 ms], [Extract Annotations = 2 ms], 
12:53:43.735 [Daemon worker Thread 5] INFO  o.a.AndroidAnnotationProcessor:122 - Finish processing
