#
# There is insufficient memory for the Java Runtime Environment to continue.
# Native memory allocation (malloc) failed to allocate 332496 bytes for Chunk::new
# Possible reasons:
#   The system is out of physical RAM or swap space
#   In 32 bit mode, the process size limit was hit
# Possible solutions:
#   Reduce memory load on the system
#   Increase physical memory or swap space
#   Check if swap backing store is full
#   Use 64 bit Java on a 64 bit OS
#   Decrease Java heap size (-Xmx/-Xms)
#   Decrease number of Java threads
#   Decrease Java thread stack sizes (-Xss)
#   Set larger code cache with -XX:ReservedCodeCacheSize=
# This output file may be truncated or incomplete.
#
#  Out of Memory Error (allocation.cpp:390), pid=6760, tid=6484
#
# JRE version: Java(TM) SE Runtime Environment (8.0_51-b16) (build 1.8.0_51-b16)
# Java VM: Java HotSpot(TM) 64-Bit Server VM (25.51-b03 mixed mode windows-amd64 compressed oops)
# Failed to write core dump. Minidumps are not enabled by default on client versions of Windows
#

---------------  T H R E A D  ---------------

Current thread (0x0000000015290000):  JavaThread "C2 CompilerThread1" daemon [_thread_in_native, id=6484, stack(0x00000000168e0000,0x00000000169e0000)]

Stack: [0x00000000168e0000,0x00000000169e0000]
Native frames: (J=compiled Java code, j=interpreted, Vv=VM code, C=native code)
V  [jvm.dll+0x32b4ca]
V  [jvm.dll+0x2797e3]
V  [jvm.dll+0x27a479]
V  [jvm.dll+0x271765]
V  [jvm.dll+0xcba02]
V  [jvm.dll+0xcbecc]
V  [jvm.dll+0x476f72]
V  [jvm.dll+0x4b95ff]
V  [jvm.dll+0x46c011]
V  [jvm.dll+0x46cd4e]
V  [jvm.dll+0x4501a2]
V  [jvm.dll+0xa43a2]
V  [jvm.dll+0xa4cdf]
V  [jvm.dll+0x2418a4]
V  [jvm.dll+0x29846a]
C  [msvcr100.dll+0x21d9f]
C  [msvcr100.dll+0x21e3b]
C  [KERNEL32.DLL+0x12d92]
C  [ntdll.dll+0x9f64]


Current CompileTask:
C2:  17126 2505       4       com.android.dx.merge.IndexMap$EncodedValueTransformer::transformAnnotation (68 bytes)


---------------  P R O C E S S  ---------------

Java Threads: ( => current thread )
  0x0000000016b12000 JavaThread "Service Thread" daemon [_thread_blocked, id=3084, stack(0x0000000016ee0000,0x0000000016fe0000)]
  0x0000000015297000 JavaThread "C1 CompilerThread2" daemon [_thread_blocked, id=6972, stack(0x00000000169e0000,0x0000000016ae0000)]
=>0x0000000015290000 JavaThread "C2 CompilerThread1" daemon [_thread_in_native, id=6484, stack(0x00000000168e0000,0x00000000169e0000)]
  0x000000001528c000 JavaThread "C2 CompilerThread0" daemon [_thread_in_native, id=7076, stack(0x00000000167e0000,0x00000000168e0000)]
  0x000000001528a800 JavaThread "Attach Listener" daemon [_thread_blocked, id=6844, stack(0x00000000166e0000,0x00000000167e0000)]
  0x0000000015289800 JavaThread "Signal Dispatcher" daemon [_thread_blocked, id=5216, stack(0x00000000165e0000,0x00000000166e0000)]
  0x0000000002bb6800 JavaThread "Finalizer" daemon [_thread_blocked, id=6260, stack(0x00000000164e0000,0x00000000165e0000)]
  0x0000000002bae800 JavaThread "Reference Handler" daemon [_thread_blocked, id=1156, stack(0x00000000163e0000,0x00000000164e0000)]
  0x000000000290d800 JavaThread "main" [_thread_blocked, id=5732, stack(0x00000000029c0000,0x0000000002ac0000)]

Other Threads:
  0x0000000015257000 VMThread [stack: 0x00000000162e0000,0x00000000163e0000] [id=5348]
  0x0000000016b1a800 WatcherThread [stack: 0x0000000016fe0000,0x00000000170e0000] [id=4292]

VM state:not at safepoint (normal execution)

VM Mutex/Monitor currently owned by a thread: None

Heap:
 PSYoungGen      total 70144K, used 25372K [0x00000000eab00000, 0x00000000f3400000, 0x0000000100000000)
  eden space 63488K, 39% used [0x00000000eab00000,0x00000000ec3c7320,0x00000000ee900000)
  from space 6656K, 0% used [0x00000000f2d80000,0x00000000f2d80000,0x00000000f3400000)
  to   space 6656K, 0% used [0x00000000ee900000,0x00000000ee900000,0x00000000eef80000)
 ParOldGen       total 47616K, used 19831K [0x00000000c0000000, 0x00000000c2e80000, 0x00000000eab00000)
  object space 47616K, 41% used [0x00000000c0000000,0x00000000c135dc08,0x00000000c2e80000)
 Metaspace       used 7422K, capacity 7998K, committed 8192K, reserved 1056768K
  class space    used 714K, capacity 753K, committed 768K, reserved 1048576K

Card table byte_map: [0x0000000011f80000,0x0000000012190000] byte_map_base: 0x0000000011980000

Marking Bits: (ParMarkBitMap*) 0x0000000065654040
 Begin Bits: [0x00000000126f0000, 0x00000000136f0000)
 End Bits:   [0x00000000136f0000, 0x00000000146f0000)

Polling page: 0x0000000002810000

CodeCache: size=245760Kb used=8768Kb max_used=8768Kb free=236991Kb
 bounds [0x0000000002bc0000, 0x0000000003460000, 0x0000000011bc0000]
 total_blobs=2789 nmethods=2499 adapters=203
 compilation: enabled

Compilation events (10 events):
Event: 10.534 Thread 0x000000001528c000 nmethod 2492 0x0000000003439190 code [0x0000000003439360, 0x000000000343a208]
Event: 10.535 Thread 0x000000001528c000 2494       4       com.android.dx.merge.DexMerger$1::write (9 bytes)
Event: 10.535 Thread 0x000000001528c000 nmethod 2494 0x0000000003437610 code [0x0000000003437760, 0x0000000003437808]
Event: 10.536 Thread 0x000000001528c000 2503       4       com.android.dex.Dex$Section::writeTypeList (50 bytes)
Event: 10.536 Thread 0x0000000015290000 nmethod 2495 0x0000000003437d50 code [0x0000000003437f00, 0x00000000034385f8]
Event: 10.537 Thread 0x0000000015290000 2499       4       com.android.dx.merge.IndexMap::adjustTypeList (58 bytes)
Event: 10.542 Thread 0x0000000015290000 nmethod 2499 0x000000000343b7d0 code [0x000000000343b920, 0x000000000343bc78]
Event: 10.542 Thread 0x0000000015290000 2505       4       com.android.dx.merge.IndexMap$EncodedValueTransformer::transformAnnotation (68 bytes)
Event: 10.635 Thread 0x000000001528c000 nmethod 2503 0x000000000343ca90 code [0x000000000343cbe0, 0x000000000343d278]
Event: 10.635 Thread 0x000000001528c000 2511       4       com.android.dx.merge.SortableType::tryAssignDepth (134 bytes)

GC Heap History (10 events):
Event: 9.324 GC heap before
{Heap before GC invocations=5 (full 0):
 PSYoungGen      total 34304K, used 34280K [0x00000000eab00000, 0x00000000ecf00000, 0x0000000100000000)
  eden space 31744K, 100% used [0x00000000eab00000,0x00000000eca00000,0x00000000eca00000)
  from space 2560K, 99% used [0x00000000ecc80000,0x00000000ecefa358,0x00000000ecf00000)
  to   space 2560K, 0% used [0x00000000eca00000,0x00000000eca00000,0x00000000ecc80000)
 ParOldGen       total 42496K, used 10246K [0x00000000c0000000, 0x00000000c2980000, 0x00000000eab00000)
  object space 42496K, 24% used [0x00000000c0000000,0x00000000c0a01940,0x00000000c2980000)
 Metaspace       used 7271K, capacity 7992K, committed 8192K, reserved 1056768K
  class space    used 701K, capacity 752K, committed 768K, reserved 1048576K
Event: 9.335 GC heap after
Heap after GC invocations=5 (full 0):
 PSYoungGen      total 34304K, used 2557K [0x00000000eab00000, 0x00000000ef600000, 0x0000000100000000)
  eden space 31744K, 0% used [0x00000000eab00000,0x00000000eab00000,0x00000000eca00000)
  from space 2560K, 99% used [0x00000000eca00000,0x00000000ecc7f558,0x00000000ecc80000)
  to   space 6656K, 0% used [0x00000000eef80000,0x00000000eef80000,0x00000000ef600000)
 ParOldGen       total 42496K, used 13507K [0x00000000c0000000, 0x00000000c2980000, 0x00000000eab00000)
  object space 42496K, 31% used [0x00000000c0000000,0x00000000c0d30e88,0x00000000c2980000)
 Metaspace       used 7271K, capacity 7992K, committed 8192K, reserved 1056768K
  class space    used 701K, capacity 752K, committed 768K, reserved 1048576K
}
Event: 9.475 GC heap before
{Heap before GC invocations=6 (full 0):
 PSYoungGen      total 34304K, used 34301K [0x00000000eab00000, 0x00000000ef600000, 0x0000000100000000)
  eden space 31744K, 100% used [0x00000000eab00000,0x00000000eca00000,0x00000000eca00000)
  from space 2560K, 99% used [0x00000000eca00000,0x00000000ecc7f558,0x00000000ecc80000)
  to   space 6656K, 0% used [0x00000000eef80000,0x00000000eef80000,0x00000000ef600000)
 ParOldGen       total 42496K, used 13507K [0x00000000c0000000, 0x00000000c2980000, 0x00000000eab00000)
  object space 42496K, 31% used [0x00000000c0000000,0x00000000c0d30e88,0x00000000c2980000)
 Metaspace       used 7281K, capacity 7992K, committed 8192K, reserved 1056768K
  class space    used 701K, capacity 752K, committed 768K, reserved 1048576K
Event: 9.489 GC heap after
Heap after GC invocations=6 (full 0):
 PSYoungGen      total 70144K, used 4700K [0x00000000eab00000, 0x00000000ef600000, 0x0000000100000000)
  eden space 63488K, 0% used [0x00000000eab00000,0x00000000eab00000,0x00000000ee900000)
  from space 6656K, 70% used [0x00000000eef80000,0x00000000ef4172d0,0x00000000ef600000)
  to   space 6656K, 0% used [0x00000000ee900000,0x00000000ee900000,0x00000000eef80000)
 ParOldGen       total 42496K, used 21302K [0x00000000c0000000, 0x00000000c2980000, 0x00000000eab00000)
  object space 42496K, 50% used [0x00000000c0000000,0x00000000c14cdb50,0x00000000c2980000)
 Metaspace       used 7281K, capacity 7992K, committed 8192K, reserved 1056768K
  class space    used 701K, capacity 752K, committed 768K, reserved 1048576K
}
Event: 9.811 GC heap before
{Heap before GC invocations=7 (full 0):
 PSYoungGen      total 70144K, used 68188K [0x00000000eab00000, 0x00000000ef600000, 0x0000000100000000)
  eden space 63488K, 100% used [0x00000000eab00000,0x00000000ee900000,0x00000000ee900000)
  from space 6656K, 70% used [0x00000000eef80000,0x00000000ef4172d0,0x00000000ef600000)
  to   space 6656K, 0% used [0x00000000ee900000,0x00000000ee900000,0x00000000eef80000)
 ParOldGen       total 42496K, used 21302K [0x00000000c0000000, 0x00000000c2980000, 0x00000000eab00000)
  object space 42496K, 50% used [0x00000000c0000000,0x00000000c14cdb50,0x00000000c2980000)
 Metaspace       used 7304K, capacity 7992K, committed 8192K, reserved 1056768K
  class space    used 702K, capacity 752K, committed 768K, reserved 1048576K
Event: 9.826 GC heap after
Heap after GC invocations=7 (full 0):
 PSYoungGen      total 70144K, used 6044K [0x00000000eab00000, 0x00000000f3400000, 0x0000000100000000)
  eden space 63488K, 0% used [0x00000000eab00000,0x00000000eab00000,0x00000000ee900000)
  from space 6656K, 90% used [0x00000000ee900000,0x00000000eeee70f0,0x00000000eef80000)
  to   space 6656K, 0% used [0x00000000f2d80000,0x00000000f2d80000,0x00000000f3400000)
 ParOldGen       total 42496K, used 23032K [0x00000000c0000000, 0x00000000c2980000, 0x00000000eab00000)
  object space 42496K, 54% used [0x00000000c0000000,0x00000000c167e140,0x00000000c2980000)
 Metaspace       used 7304K, capacity 7992K, committed 8192K, reserved 1056768K
  class space    used 702K, capacity 752K, committed 768K, reserved 1048576K
}
Event: 10.550 GC heap before
{Heap before GC invocations=8 (full 0):
 PSYoungGen      total 70144K, used 69532K [0x00000000eab00000, 0x00000000f3400000, 0x0000000100000000)
  eden space 63488K, 100% used [0x00000000eab00000,0x00000000ee900000,0x00000000ee900000)
  from space 6656K, 90% used [0x00000000ee900000,0x00000000eeee70f0,0x00000000eef80000)
  to   space 6656K, 0% used [0x00000000f2d80000,0x00000000f2d80000,0x00000000f3400000)
 ParOldGen       total 42496K, used 23032K [0x00000000c0000000, 0x00000000c2980000, 0x00000000eab00000)
  object space 42496K, 54% used [0x00000000c0000000,0x00000000c167e140,0x00000000c2980000)
 Metaspace       used 7387K, capacity 7998K, committed 8192K, reserved 1056768K
  class space    used 710K, capacity 753K, committed 768K, reserved 1048576K
Event: 10.565 GC heap after
Heap after GC invocations=8 (full 0):
 PSYoungGen      total 70144K, used 6653K [0x00000000eab00000, 0x00000000f3400000, 0x0000000100000000)
  eden space 63488K, 0% used [0x00000000eab00000,0x00000000eab00000,0x00000000ee900000)
  from space 6656K, 99% used [0x00000000f2d80000,0x00000000f33ff690,0x00000000f3400000)
  to   space 6656K, 0% used [0x00000000ee900000,0x00000000ee900000,0x00000000eef80000)
 ParOldGen       total 47616K, used 43597K [0x00000000c0000000, 0x00000000c2e80000, 0x00000000eab00000)
  object space 47616K, 91% used [0x00000000c0000000,0x00000000c2a937e8,0x00000000c2e80000)
 Metaspace       used 7387K, capacity 7998K, committed 8192K, reserved 1056768K
  class space    used 710K, capacity 753K, committed 768K, reserved 1048576K
}
Event: 10.565 GC heap before
{Heap before GC invocations=9 (full 1):
 PSYoungGen      total 70144K, used 6653K [0x00000000eab00000, 0x00000000f3400000, 0x0000000100000000)
  eden space 63488K, 0% used [0x00000000eab00000,0x00000000eab00000,0x00000000ee900000)
  from space 6656K, 99% used [0x00000000f2d80000,0x00000000f33ff690,0x00000000f3400000)
  to   space 6656K, 0% used [0x00000000ee900000,0x00000000ee900000,0x00000000eef80000)
 ParOldGen       total 47616K, used 43597K [0x00000000c0000000, 0x00000000c2e80000, 0x00000000eab00000)
  object space 47616K, 91% used [0x00000000c0000000,0x00000000c2a937e8,0x00000000c2e80000)
 Metaspace       used 7387K, capacity 7998K, committed 8192K, reserved 1056768K
  class space    used 710K, capacity 753K, committed 768K, reserved 1048576K
Event: 10.634 GC heap after
Heap after GC invocations=9 (full 1):
 PSYoungGen      total 70144K, used 0K [0x00000000eab00000, 0x00000000f3400000, 0x0000000100000000)
  eden space 63488K, 0% used [0x00000000eab00000,0x00000000eab00000,0x00000000ee900000)
  from space 6656K, 0% used [0x00000000f2d80000,0x00000000f2d80000,0x00000000f3400000)
  to   space 6656K, 0% used [0x00000000ee900000,0x00000000ee900000,0x00000000eef80000)
 ParOldGen       total 47616K, used 19831K [0x00000000c0000000, 0x00000000c2e80000, 0x00000000eab00000)
  object space 47616K, 41% used [0x00000000c0000000,0x00000000c135dc08,0x00000000c2e80000)
 Metaspace       used 7387K, capacity 7998K, committed 8192K, reserved 1056768K
  class space    used 710K, capacity 753K, committed 768K, reserved 1048576K
}

Deoptimization events (10 events):
Event: 6.853 Thread 0x000000000290d800 Uncommon trap: reason=unstable_if action=reinterpret pc=0x0000000003248a64 method=java.util.HashMap.putVal(ILjava/lang/Object;Ljava/lang/Object;ZZ)Ljava/lang/Object; @ 162
Event: 8.884 Thread 0x000000000290d800 Uncommon trap: reason=predicate action=maybe_recompile pc=0x00000000032e60c4 method=com.android.dex.Leb128.readUnsignedLeb128(Lcom/android/dex/util/ByteInput;)I @ 41
Event: 9.180 Thread 0x000000000290d800 Uncommon trap: reason=unstable_if action=reinterpret pc=0x000000000315d930 method=java.util.HashMap.getNode(ILjava/lang/Object;)Ljava/util/HashMap$Node; @ 84
Event: 9.183 Thread 0x000000000290d800 Uncommon trap: reason=unstable_if action=reinterpret pc=0x00000000031d3924 method=java.util.HashMap.getNode(ILjava/lang/Object;)Ljava/util/HashMap$Node; @ 84
Event: 9.624 Thread 0x000000000290d800 Uncommon trap: reason=unstable_if action=reinterpret pc=0x0000000003383184 method=com.android.dex.Mutf8.countBytes(Ljava/lang/String;Z)J @ 28
Event: 9.624 Thread 0x000000000290d800 Uncommon trap: reason=unstable_if action=reinterpret pc=0x000000000328261c method=com.android.dex.Mutf8.encode([BILjava/lang/String;)V @ 24
Event: 9.631 Thread 0x000000000290d800 Uncommon trap: reason=unstable_if action=reinterpret pc=0x00000000033ff358 method=com.android.dx.merge.DexMerger$IdMerger.mergeSorted()V @ 261
Event: 9.743 Thread 0x000000000290d800 Uncommon trap: reason=unstable_if action=reinterpret pc=0x000000000337d040 method=com.android.dex.Mutf8.countBytes(Ljava/lang/String;Z)J @ 28
Event: 9.875 Thread 0x000000000290d800 Uncommon trap: reason=unstable_if action=reinterpret pc=0x000000000339660c method=com.android.dex.Mutf8.countBytes(Ljava/lang/String;Z)J @ 28
Event: 10.492 Thread 0x000000000290d800 Uncommon trap: reason=unstable_if action=reinterpret pc=0x000000000327d388 method=com.android.dex.Mutf8.countBytes(Ljava/lang/String;Z)J @ 28

Internal exceptions (3 events):
Event: 0.053 Thread 0x000000000290d800 Exception <a 'java/lang/NoSuchMethodError': Method sun.misc.Unsafe.defineClass(Ljava/lang/String;[BII)Ljava/lang/Class; name or signature does not match> (0x00000000eab0daf8) thrown at [C:\re\workspace\8-2-build-windows-amd64-cygwin\jdk8u51\3951\hotspot\srªœ7oA´?
Event: 0.053 Thread 0x000000000290d800 Exception <a 'java/lang/NoSuchMethodError': Method sun.misc.Unsafe.prefetchRead(Ljava/lang/Object;J)V name or signature does not match> (0x00000000eab0dd88) thrown at [C:\re\workspace\8-2-build-windows-amd64-cygwin\jdk8u51\3951\hotspot\src\share\vm\prims\j¶èxz¯ëÓ?
Event: 0.955 Thread 0x000000000290d800 Implicit null exception at 0x0000000002f04f22 to 0x0000000002f05012

Events (10 events):
Event: 10.502 Thread 0x000000000290d800 DEOPT PACKING pc=0x0000000003403949 sp=0x0000000002abf1a0
Event: 10.502 Thread 0x000000000290d800 DEOPT UNPACKING pc=0x0000000002c0747f sp=0x0000000002abef20 mode 0
Event: 10.522 Thread 0x000000000290d800 DEOPT PACKING pc=0x0000000003403949 sp=0x0000000002abf1a0
Event: 10.522 Thread 0x000000000290d800 DEOPT UNPACKING pc=0x0000000002c0747f sp=0x0000000002abef20 mode 0
Event: 10.523 Thread 0x000000000290d800 DEOPT PACKING pc=0x0000000003403949 sp=0x0000000002abf1a0
Event: 10.523 Thread 0x000000000290d800 DEOPT UNPACKING pc=0x0000000002c0747f sp=0x0000000002abef20 mode 0
Event: 10.525 Thread 0x000000000290d800 DEOPT PACKING pc=0x0000000003403949 sp=0x0000000002abf1a0
Event: 10.525 Thread 0x000000000290d800 DEOPT UNPACKING pc=0x0000000002c0747f sp=0x0000000002abef20 mode 0
Event: 10.550 Executing VM operation: ParallelGCFailedAllocation
Event: 10.634 Executing VM operation: ParallelGCFailedAllocation done


Dynamic libraries:
0x00007ff770140000 - 0x00007ff770177000 	C:\Program Files\Java\jdk1.8.0_51\bin\java.exe
0x00007ff848ba0000 - 0x00007ff848d61000 	C:\Windows\SYSTEM32\ntdll.dll
0x00007ff8483e0000 - 0x00007ff84848d000 	C:\Windows\system32\KERNEL32.DLL
0x00007ff845670000 - 0x00007ff84584d000 	C:\Windows\system32\KERNELBASE.dll
0x0000000065b80000 - 0x0000000065c1f000 	D:\Program Files\Bitdefender\Antivirus Free Edition\avc3\avc3_sig_315\avcuf64.dll
0x00007ff848af0000 - 0x00007ff848b96000 	C:\Windows\system32\ADVAPI32.dll
0x00007ff846270000 - 0x00007ff84630d000 	C:\Windows\system32\msvcrt.dll
0x00007ff846c70000 - 0x00007ff846ccb000 	C:\Windows\system32\sechost.dll
0x00007ff8464a0000 - 0x00007ff8465c6000 	C:\Windows\system32\RPCRT4.dll
0x00007ff846350000 - 0x00007ff84649e000 	C:\Windows\system32\USER32.dll
0x00007ff848700000 - 0x00007ff848886000 	C:\Windows\system32\GDI32.dll
0x00007ff8389d0000 - 0x00007ff838c44000 	C:\Windows\WinSxS\amd64_microsoft.windows.common-controls_6595b64144ccf1df_6.0.10240.16384_none_f41f7b285750ef43\COMCTL32.dll
0x00007ff846310000 - 0x00007ff846346000 	C:\Windows\system32\IMM32.DLL
0x00007ff846930000 - 0x00007ff846a8c000 	C:\Windows\system32\MSCTF.dll
0x00000000648f0000 - 0x00000000649c2000 	C:\Program Files\Java\jdk1.8.0_51\jre\bin\msvcr100.dll
0x0000000064e50000 - 0x00000000656d3000 	C:\Program Files\Java\jdk1.8.0_51\jre\bin\server\jvm.dll
0x00007ff8482d0000 - 0x00007ff8482d8000 	C:\Windows\system32\PSAPI.DLL
0x00007ff83dc60000 - 0x00007ff83dc69000 	C:\Windows\SYSTEM32\WSOCK32.dll
0x00007ff848310000 - 0x00007ff848379000 	C:\Windows\system32\WS2_32.dll
0x00007ff846a90000 - 0x00007ff846a98000 	C:\Windows\system32\NSI.dll
0x00007ff843800000 - 0x00007ff843823000 	C:\Windows\SYSTEM32\WINMM.dll
0x00007ff843d90000 - 0x00007ff843d9a000 	C:\Windows\SYSTEM32\VERSION.dll
0x00007ff843780000 - 0x00007ff8437ac000 	C:\Windows\SYSTEM32\WINMMBASE.dll
0x00007ff845910000 - 0x00007ff845954000 	C:\Windows\system32\cfgmgr32.dll
0x00007ff843ea0000 - 0x00007ff843ec7000 	C:\Windows\SYSTEM32\DEVOBJ.dll
0x0000000064d60000 - 0x0000000064d6f000 	C:\Program Files\Java\jdk1.8.0_51\jre\bin\verify.dll
0x0000000064d30000 - 0x0000000064d59000 	C:\Program Files\Java\jdk1.8.0_51\jre\bin\java.dll
0x0000000064d10000 - 0x0000000064d26000 	C:\Program Files\Java\jdk1.8.0_51\jre\bin\zip.dll
0x00007ff846d40000 - 0x00007ff848262000 	C:\Windows\system32\SHELL32.dll
0x00007ff845c40000 - 0x00007ff846269000 	C:\Windows\system32\windows.storage.dll
0x00007ff8466b0000 - 0x00007ff84692c000 	C:\Windows\system32\combase.dll
0x00007ff848380000 - 0x00007ff8483d1000 	C:\Windows\system32\shlwapi.dll
0x00007ff845660000 - 0x00007ff84566f000 	C:\Windows\system32\kernel.appcore.dll
0x00007ff845850000 - 0x00007ff845903000 	C:\Windows\system32\shcore.dll
0x00007ff8455f0000 - 0x00007ff84563a000 	C:\Windows\system32\powrprof.dll
0x00007ff845640000 - 0x00007ff845653000 	C:\Windows\system32\profapi.dll
0x00007ff843060000 - 0x00007ff8431ea000 	C:\Windows\SYSTEM32\dbghelp.dll

VM Arguments:
jvm_args: -Xmx1024M -Dfile.encoding=UTF-8 -Duser.country=US -Duser.language=en -Duser.variant 
java_command: com.android.dx.command.Main --dex --output D:\NEWS\trunk\app\build\intermediates\dex\debug D:\NEWS\trunk\app\build\intermediates\classes\debug D:\NEWS\trunk\app\build\intermediates\pre-dexed\debug\support-annotations-22.2.1-3d454c707195b5349262457d328ab0d67bf45a0c.jar D:\NEWS\trunk\app\build\intermediates\pre-dexed\debug\android-apt-1.4-6e630b0146e2d630ae5e96fbcf799490ef6d36c1.jar D:\NEWS\trunk\app\build\intermediates\pre-dexed\debug\classes-83a709cfc887c7554bc2aa4c1b83f8a58a1390e3.jar D:\NEWS\trunk\app\build\intermediates\pre-dexed\debug\classes-68fea3ba64b08ab41ec4c577938bbb97cdb2ec8c.jar D:\NEWS\trunk\app\build\intermediates\pre-dexed\debug\androidannotations-api-3.2-fec75fc23a361f5e1b73c7ada895e9601bc1f5a6.jar D:\NEWS\trunk\app\build\intermediates\pre-dexed\debug\picasso-2.5.2-434bfa7b0c2dbd113cd782c98490fc6f0f819755.jar D:\NEWS\trunk\app\build\intermediates\pre-dexed\debug\gson-2.3-c67cdfef8ecf5ed8a09161416f45b7c9a6062473.jar D:\NEWS\trunk\app\build\intermediates\pre-dexed\debug\ion-2.1.4-844019bf8f456245a195b1558ee452ced7356794.jar D:\NEWS\trunk\app\build\intermediates\pre-dexed\debug\internal_impl-22.2.1-9c2db26a8f40b511fd07c883ab4812fba3dacc1d.jar D:\NEWS\trunk\app\build\intermediates\pre-dexed\debug\android-iconify-1.0.9-1225b24429f8a06556d16291ef8929a1b3d358b3.jar D:\NEWS\trunk\app\build\intermediates\pre-dexed\debug\androidasync-2.1.4-d642ab459ad621869d50c55a1fe50682add597a8.jar D:\NEWS\trunk\app\build\intermediates\pre-dexed\debug\classes-904b27047e862648d63f3660144f86e95f0a3f56.jar D:\NEWS\trunk\app\build\intermediates\pre-dexed\debug\classes-418a95d58114e0934a92ec5b0ac784dee6057c85.jar
java_class_path (initial): C:\Users\phuchieuct\AppData\Local\Android\sdk\build-tools\21.1.2\lib\dx.jar
Launcher Type: SUN_STANDARD

Environment Variables:
PATH=C:\ProgramData\Oracle\Java\javapath;C:\Windows\system32;C:\Windows;C:\Windows\System32\Wbem;C:\Windows\System32\WindowsPowerShell\v1.0\;C:\Program Files (x86)\Skype\Phone\;C:\Program Files (x86)\ATI Technologies\ATI.ACE\Core-Static;D:\Program Files\TortoiseSVN\bin;D:\Program Files\SlikSvn\bin
USERNAME=phuchieuct
OS=Windows_NT
PROCESSOR_IDENTIFIER=Intel64 Family 6 Model 37 Stepping 5, GenuineIntel



---------------  S Y S T E M  ---------------

OS: Windows 10.0 , 64 bit Build 10240 (10.0.10240.16384)

CPU:total 4 (2 cores per cpu, 2 threads per core) family 6 model 37 stepping 5, cmov, cx8, fxsr, mmx, sse, sse2, sse3, ssse3, sse4.1, sse4.2, popcnt, ht, tsc, tscinvbit

Memory: 4k page, physical 4053872k(130900k free), swap 6101872k(12112k free)

vm_info: Java HotSpot(TM) 64-Bit Server VM (25.51-b03) for windows-amd64 JRE (1.8.0_51-b16), built on Jun  8 2015 18:03:07 by "java_re" with MS VC++ 10.0 (VS2010)

time: Sun Aug 23 22:28:51 2015
elapsed time: 17 seconds (0d 0h 0m 17s)

